TN:
SF:controllers\adminController.js
FN:13,(anonymous_0)
FN:36,(anonymous_1)
FN:61,(anonymous_2)
FN:89,(anonymous_3)
FN:127,(anonymous_4)
FN:149,(anonymous_5)
FN:181,(anonymous_6)
FN:217,(anonymous_7)
FN:241,(anonymous_8)
FN:263,(anonymous_9)
FN:293,(anonymous_10)
FN:323,(anonymous_11)
FN:332,(anonymous_12)
FN:357,(anonymous_13)
FN:382,(anonymous_14)
FN:388,(anonymous_15)
FN:394,(anonymous_16)
FN:399,processBookingData
FN:448,(anonymous_18)
FN:474,(anonymous_19)
FN:480,(anonymous_20)
FN:486,(anonymous_21)
FN:492,(anonymous_22)
FN:497,processBookingTrends
FN:534,(anonymous_24)
FN:541,(anonymous_25)
FN:557,(anonymous_26)
FN:562,(anonymous_27)
FN:583,(anonymous_28)
FN:600,(anonymous_29)
FN:601,(anonymous_30)
FN:602,(anonymous_31)
FN:603,(anonymous_32)
FN:615,(anonymous_33)
FN:616,(anonymous_34)
FN:618,(anonymous_35)
FN:619,(anonymous_36)
FN:621,(anonymous_37)
FN:622,(anonymous_38)
FN:624,(anonymous_39)
FN:628,(anonymous_40)
FN:629,(anonymous_41)
FN:630,(anonymous_42)
FN:631,(anonymous_43)
FN:663,(anonymous_44)
FN:674,(anonymous_45)
FN:697,(anonymous_46)
FN:725,(anonymous_47)
FN:755,(anonymous_48)
FN:783,(anonymous_49)
FN:805,(anonymous_50)
FN:835,(anonymous_51)
FN:849,(anonymous_52)
FN:872,(anonymous_53)
FN:900,(anonymous_54)
FN:930,(anonymous_55)
FN:958,(anonymous_56)
FN:980,(anonymous_57)
FN:1010,(anonymous_58)
FN:1024,(anonymous_59)
FN:1044,(anonymous_60)
FN:1048,(anonymous_61)
FN:1050,(anonymous_62)
FN:1055,(anonymous_63)
FN:1057,(anonymous_64)
FN:1062,(anonymous_65)
FN:1093,(anonymous_66)
FN:1196,(anonymous_67)
FN:1293,(anonymous_68)
FN:1329,(anonymous_69)
FN:1351,(anonymous_70)
FN:1384,(anonymous_71)
FN:1419,(anonymous_72)
FN:1443,(anonymous_73)
FN:1466,(anonymous_74)
FN:1500,(anonymous_75)
FN:1578,(anonymous_76)
FN:1650,(anonymous_77)
FN:1686,(anonymous_78)
FN:1710,(anonymous_79)
FN:1714,(anonymous_80)
FN:1740,(anonymous_81)
FN:1770,(anonymous_82)
FN:1774,(anonymous_83)
FN:1800,(anonymous_84)
FN:1804,(anonymous_85)
FN:1832,(anonymous_86)
FN:1866,(anonymous_87)
FN:1908,(anonymous_88)
FN:2006,(anonymous_89)
FN:2059,(anonymous_90)
FN:2117,(anonymous_91)
FN:2174,(anonymous_92)
FN:2219,(anonymous_93)
FN:2242,(anonymous_94)
FN:2267,(anonymous_95)
FN:2295,(anonymous_96)
FN:2334,(anonymous_97)
FN:2369,(anonymous_98)
FN:2393,(anonymous_99)
FN:2416,(anonymous_100)
FN:2441,(anonymous_101)
FN:2469,(anonymous_102)
FN:2509,(anonymous_103)
FN:2544,(anonymous_104)
FN:2568,(anonymous_105)
FN:2591,(anonymous_106)
FN:2616,(anonymous_107)
FN:2644,(anonymous_108)
FN:2684,(anonymous_109)
FN:2719,(anonymous_110)
FN:2744,convertToCSV
FN:2756,(anonymous_112)
FNF:113
FNH:0
FNDA:0,(anonymous_0)
FNDA:0,(anonymous_1)
FNDA:0,(anonymous_2)
FNDA:0,(anonymous_3)
FNDA:0,(anonymous_4)
FNDA:0,(anonymous_5)
FNDA:0,(anonymous_6)
FNDA:0,(anonymous_7)
FNDA:0,(anonymous_8)
FNDA:0,(anonymous_9)
FNDA:0,(anonymous_10)
FNDA:0,(anonymous_11)
FNDA:0,(anonymous_12)
FNDA:0,(anonymous_13)
FNDA:0,(anonymous_14)
FNDA:0,(anonymous_15)
FNDA:0,(anonymous_16)
FNDA:0,processBookingData
FNDA:0,(anonymous_18)
FNDA:0,(anonymous_19)
FNDA:0,(anonymous_20)
FNDA:0,(anonymous_21)
FNDA:0,(anonymous_22)
FNDA:0,processBookingTrends
FNDA:0,(anonymous_24)
FNDA:0,(anonymous_25)
FNDA:0,(anonymous_26)
FNDA:0,(anonymous_27)
FNDA:0,(anonymous_28)
FNDA:0,(anonymous_29)
FNDA:0,(anonymous_30)
FNDA:0,(anonymous_31)
FNDA:0,(anonymous_32)
FNDA:0,(anonymous_33)
FNDA:0,(anonymous_34)
FNDA:0,(anonymous_35)
FNDA:0,(anonymous_36)
FNDA:0,(anonymous_37)
FNDA:0,(anonymous_38)
FNDA:0,(anonymous_39)
FNDA:0,(anonymous_40)
FNDA:0,(anonymous_41)
FNDA:0,(anonymous_42)
FNDA:0,(anonymous_43)
FNDA:0,(anonymous_44)
FNDA:0,(anonymous_45)
FNDA:0,(anonymous_46)
FNDA:0,(anonymous_47)
FNDA:0,(anonymous_48)
FNDA:0,(anonymous_49)
FNDA:0,(anonymous_50)
FNDA:0,(anonymous_51)
FNDA:0,(anonymous_52)
FNDA:0,(anonymous_53)
FNDA:0,(anonymous_54)
FNDA:0,(anonymous_55)
FNDA:0,(anonymous_56)
FNDA:0,(anonymous_57)
FNDA:0,(anonymous_58)
FNDA:0,(anonymous_59)
FNDA:0,(anonymous_60)
FNDA:0,(anonymous_61)
FNDA:0,(anonymous_62)
FNDA:0,(anonymous_63)
FNDA:0,(anonymous_64)
FNDA:0,(anonymous_65)
FNDA:0,(anonymous_66)
FNDA:0,(anonymous_67)
FNDA:0,(anonymous_68)
FNDA:0,(anonymous_69)
FNDA:0,(anonymous_70)
FNDA:0,(anonymous_71)
FNDA:0,(anonymous_72)
FNDA:0,(anonymous_73)
FNDA:0,(anonymous_74)
FNDA:0,(anonymous_75)
FNDA:0,(anonymous_76)
FNDA:0,(anonymous_77)
FNDA:0,(anonymous_78)
FNDA:0,(anonymous_79)
FNDA:0,(anonymous_80)
FNDA:0,(anonymous_81)
FNDA:0,(anonymous_82)
FNDA:0,(anonymous_83)
FNDA:0,(anonymous_84)
FNDA:0,(anonymous_85)
FNDA:0,(anonymous_86)
FNDA:0,(anonymous_87)
FNDA:0,(anonymous_88)
FNDA:0,(anonymous_89)
FNDA:0,(anonymous_90)
FNDA:0,(anonymous_91)
FNDA:0,(anonymous_92)
FNDA:0,(anonymous_93)
FNDA:0,(anonymous_94)
FNDA:0,(anonymous_95)
FNDA:0,(anonymous_96)
FNDA:0,(anonymous_97)
FNDA:0,(anonymous_98)
FNDA:0,(anonymous_99)
FNDA:0,(anonymous_100)
FNDA:0,(anonymous_101)
FNDA:0,(anonymous_102)
FNDA:0,(anonymous_103)
FNDA:0,(anonymous_104)
FNDA:0,(anonymous_105)
FNDA:0,(anonymous_106)
FNDA:0,(anonymous_107)
FNDA:0,(anonymous_108)
FNDA:0,(anonymous_109)
FNDA:0,(anonymous_110)
FNDA:0,convertToCSV
FNDA:0,(anonymous_112)
DA:13,0
DA:14,0
DA:15,0
DA:17,0
DA:20,0
DA:21,0
DA:23,0
DA:24,0
DA:26,0
DA:27,0
DA:31,0
DA:32,0
DA:33,0
DA:35,0
DA:36,0
DA:41,0
DA:49,0
DA:50,0
DA:61,0
DA:62,0
DA:63,0
DA:64,0
DA:66,0
DA:67,0
DA:72,0
DA:77,0
DA:78,0
DA:89,0
DA:90,0
DA:91,0
DA:92,0
DA:94,0
DA:99,0
DA:100,0
DA:102,0
DA:105,0
DA:106,0
DA:107,0
DA:110,0
DA:115,0
DA:116,0
DA:127,0
DA:128,0
DA:129,0
DA:130,0
DA:132,0
DA:137,0
DA:138,0
DA:149,0
DA:150,0
DA:151,0
DA:153,0
DA:161,0
DA:162,0
DA:164,0
DA:169,0
DA:170,0
DA:181,0
DA:182,0
DA:183,0
DA:184,0
DA:186,0
DA:187,0
DA:192,0
DA:198,0
DA:203,0
DA:204,0
DA:217,0
DA:218,0
DA:219,0
DA:221,0
DA:223,0
DA:229,0
DA:230,0
DA:241,0
DA:242,0
DA:243,0
DA:244,0
DA:246,0
DA:251,0
DA:252,0
DA:263,0
DA:264,0
DA:265,0
DA:266,0
DA:268,0
DA:269,0
DA:274,0
DA:276,0
DA:281,0
DA:282,0
DA:293,0
DA:294,0
DA:295,0
DA:296,0
DA:298,0
DA:299,0
DA:304,0
DA:306,0
DA:311,0
DA:312,0
DA:323,0
DA:324,0
DA:325,0
DA:327,0
DA:332,0
DA:337,0
DA:343,0
DA:344,0
DA:357,0
DA:358,0
DA:359,0
DA:366,0
DA:372,0
DA:373,0
DA:374,0
DA:375,0
DA:378,0
DA:379,0
DA:382,0
DA:383,0
DA:384,0
DA:388,0
DA:389,0
DA:390,0
DA:394,0
DA:395,0
DA:396,0
DA:401,0
DA:402,0
DA:404,0
DA:405,0
DA:407,0
DA:408,0
DA:412,0
DA:413,0
DA:414,0
DA:416,0
DA:419,0
DA:420,0
DA:423,0
DA:426,0
DA:435,0
DA:436,0
DA:448,0
DA:449,0
DA:450,0
DA:452,0
DA:453,0
DA:454,0
DA:462,0
DA:469,0
DA:470,0
DA:471,0
DA:474,0
DA:475,0
DA:476,0
DA:480,0
DA:481,0
DA:482,0
DA:486,0
DA:487,0
DA:488,0
DA:492,0
DA:493,0
DA:494,0
DA:499,0
DA:500,0
DA:501,0
DA:502,0
DA:506,0
DA:507,0
DA:508,0
DA:510,0
DA:511,0
DA:514,0
DA:521,0
DA:522,0
DA:534,0
DA:535,0
DA:536,0
DA:537,0
DA:539,0
DA:541,0
DA:542,0
DA:543,0
DA:544,0
DA:545,0
DA:547,0
DA:548,0
DA:550,0
DA:551,0
DA:556,0
DA:557,0
DA:562,0
DA:565,0
DA:570,0
DA:571,0
DA:583,0
DA:584,0
DA:592,0
DA:600,0
DA:601,0
DA:602,0
DA:603,0
DA:607,0
DA:614,0
DA:615,0
DA:616,0
DA:618,0
DA:619,0
DA:621,0
DA:622,0
DA:624,0
DA:628,0
DA:629,0
DA:630,0
DA:631,0
DA:633,0
DA:649,0
DA:650,0
DA:663,0
DA:664,0
DA:665,0
DA:667,0
DA:669,0
DA:670,0
DA:673,0
DA:674,0
DA:679,0
DA:685,0
DA:686,0
DA:697,0
DA:698,0
DA:699,0
DA:700,0
DA:702,0
DA:703,0
DA:708,0
DA:713,0
DA:714,0
DA:725,0
DA:726,0
DA:727,0
DA:735,0
DA:737,0
DA:743,0
DA:744,0
DA:755,0
DA:756,0
DA:757,0
DA:758,0
DA:764,0
DA:766,0
DA:771,0
DA:772,0
DA:783,0
DA:784,0
DA:785,0
DA:786,0
DA:788,0
DA:793,0
DA:794,0
DA:805,0
DA:806,0
DA:807,0
DA:808,0
DA:810,0
DA:816,0
DA:821,0
DA:822,0
DA:835,0
DA:836,0
DA:837,0
DA:839,0
DA:841,0
DA:842,0
DA:844,0
DA:845,0
DA:848,0
DA:849,0
DA:854,0
DA:860,0
DA:861,0
DA:872,0
DA:873,0
DA:874,0
DA:875,0
DA:877,0
DA:878,0
DA:883,0
DA:888,0
DA:889,0
DA:900,0
DA:901,0
DA:902,0
DA:910,0
DA:912,0
DA:918,0
DA:919,0
DA:930,0
DA:931,0
DA:932,0
DA:933,0
DA:939,0
DA:941,0
DA:946,0
DA:947,0
DA:958,0
DA:959,0
DA:960,0
DA:961,0
DA:963,0
DA:968,0
DA:969,0
DA:980,0
DA:981,0
DA:982,0
DA:983,0
DA:985,0
DA:991,0
DA:996,0
DA:997,0
DA:1010,0
DA:1011,0
DA:1012,0
DA:1016,0
DA:1019,0
DA:1020,0
DA:1021,0
DA:1023,0
DA:1024,0
DA:1025,0
DA:1026,0
DA:1043,0
DA:1044,0
DA:1046,0
DA:1047,0
DA:1048,0
DA:1049,0
DA:1050,0
DA:1053,0
DA:1054,0
DA:1055,0
DA:1056,0
DA:1057,0
DA:1062,0
DA:1063,0
DA:1064,0
DA:1065,0
DA:1069,0
DA:1070,0
DA:1071,0
DA:1073,0
DA:1081,0
DA:1082,0
DA:1093,0
DA:1094,0
DA:1095,0
DA:1096,0
DA:1098,0
DA:1099,0
DA:1104,0
DA:1107,0
DA:1179,0
DA:1184,0
DA:1185,0
DA:1196,0
DA:1197,0
DA:1198,0
DA:1201,0
DA:1273,0
DA:1275,0
DA:1281,0
DA:1282,0
DA:1293,0
DA:1294,0
DA:1295,0
DA:1296,0
DA:1299,0
DA:1305,0
DA:1310,0
DA:1312,0
DA:1317,0
DA:1318,0
DA:1329,0
DA:1330,0
DA:1331,0
DA:1332,0
DA:1334,0
DA:1339,0
DA:1340,0
DA:1351,0
DA:1352,0
DA:1353,0
DA:1354,0
DA:1356,0
DA:1362,0
DA:1367,0
DA:1368,0
DA:1384,0
DA:1385,0
DA:1386,0
DA:1387,0
DA:1389,0
DA:1390,0
DA:1395,0
DA:1402,0
DA:1407,0
DA:1408,0
DA:1419,0
DA:1420,0
DA:1421,0
DA:1422,0
DA:1424,0
DA:1429,0
DA:1430,0
DA:1443,0
DA:1444,0
DA:1445,0
DA:1447,0
DA:1449,0
DA:1450,0
DA:1452,0
DA:1453,0
DA:1455,0
DA:1456,0
DA:1457,0
DA:1458,0
DA:1459,0
DA:1463,0
DA:1465,0
DA:1466,0
DA:1467,0
DA:1468,0
DA:1480,0
DA:1488,0
DA:1489,0
DA:1500,0
DA:1501,0
DA:1502,0
DA:1503,0
DA:1505,0
DA:1506,0
DA:1511,0
DA:1514,0
DA:1561,0
DA:1566,0
DA:1567,0
DA:1578,0
DA:1579,0
DA:1580,0
DA:1583,0
DA:1630,0
DA:1632,0
DA:1638,0
DA:1639,0
DA:1650,0
DA:1651,0
DA:1652,0
DA:1653,0
DA:1656,0
DA:1662,0
DA:1667,0
DA:1669,0
DA:1674,0
DA:1675,0
DA:1686,0
DA:1687,0
DA:1688,0
DA:1689,0
DA:1691,0
DA:1696,0
DA:1697,0
DA:1710,0
DA:1711,0
DA:1712,0
DA:1713,0
DA:1714,0
DA:1716,0
DA:1717,0
DA:1718,0
DA:1719,0
DA:1720,0
DA:1722,0
DA:1728,0
DA:1729,0
DA:1740,0
DA:1741,0
DA:1742,0
DA:1743,0
DA:1744,0
DA:1746,0
DA:1747,0
DA:1748,0
DA:1749,0
DA:1750,0
DA:1752,0
DA:1758,0
DA:1759,0
DA:1770,0
DA:1771,0
DA:1772,0
DA:1773,0
DA:1774,0
DA:1776,0
DA:1777,0
DA:1778,0
DA:1779,0
DA:1780,0
DA:1782,0
DA:1788,0
DA:1789,0
DA:1800,0
DA:1801,0
DA:1802,0
DA:1803,0
DA:1804,0
DA:1806,0
DA:1807,0
DA:1808,0
DA:1809,0
DA:1810,0
DA:1812,0
DA:1818,0
DA:1819,0
DA:1832,0
DA:1833,0
DA:1841,0
DA:1843,0
DA:1846,0
DA:1847,0
DA:1849,0
DA:1850,0
DA:1852,0
DA:1853,0
DA:1855,0
DA:1856,0
DA:1857,0
DA:1858,0
DA:1859,0
DA:1863,0
DA:1865,0
DA:1866,0
DA:1867,0
DA:1868,0
DA:1888,0
DA:1896,0
DA:1897,0
DA:1908,0
DA:1909,0
DA:1910,0
DA:1911,0
DA:1913,0
DA:1914,0
DA:1919,0
DA:1922,0
DA:1989,0
DA:1994,0
DA:1995,0
DA:2006,0
DA:2007,0
DA:2008,0
DA:2009,0
DA:2011,0
DA:2014,0
DA:2015,0
DA:2016,0
DA:2019,0
DA:2022,0
DA:2028,0
DA:2037,0
DA:2042,0
DA:2047,0
DA:2048,0
DA:2059,0
DA:2060,0
DA:2061,0
DA:2062,0
DA:2064,0
DA:2067,0
DA:2075,0
DA:2076,0
DA:2078,0
DA:2088,0
DA:2089,0
DA:2093,0
DA:2100,0
DA:2105,0
DA:2106,0
DA:2117,0
DA:2118,0
DA:2119,0
DA:2120,0
DA:2122,0
DA:2124,0
DA:2135,0
DA:2136,0
DA:2138,0
DA:2148,0
DA:2150,0
DA:2157,0
DA:2162,0
DA:2163,0
DA:2174,0
DA:2175,0
DA:2176,0
DA:2177,0
DA:2179,0
DA:2182,0
DA:2183,0
DA:2185,0
DA:2194,0
DA:2200,0
DA:2205,0
DA:2206,0
DA:2219,0
DA:2220,0
DA:2221,0
DA:2223,0
DA:2226,0
DA:2227,0
DA:2229,0
DA:2230,0
DA:2232,0
DA:2233,0
DA:2237,0
DA:2238,0
DA:2239,0
DA:2241,0
DA:2242,0
DA:2247,0
DA:2255,0
DA:2256,0
DA:2267,0
DA:2268,0
DA:2269,0
DA:2270,0
DA:2272,0
DA:2273,0
DA:2278,0
DA:2283,0
DA:2284,0
DA:2295,0
DA:2296,0
DA:2297,0
DA:2298,0
DA:2300,0
DA:2301,0
DA:2306,0
DA:2314,0
DA:2315,0
DA:2317,0
DA:2322,0
DA:2323,0
DA:2334,0
DA:2335,0
DA:2336,0
DA:2337,0
DA:2339,0
DA:2340,0
DA:2345,0
DA:2352,0
DA:2357,0
DA:2358,0
DA:2369,0
DA:2370,0
DA:2371,0
DA:2372,0
DA:2374,0
DA:2379,0
DA:2380,0
DA:2393,0
DA:2394,0
DA:2395,0
DA:2397,0
DA:2400,0
DA:2401,0
DA:2403,0
DA:2404,0
DA:2406,0
DA:2407,0
DA:2411,0
DA:2412,0
DA:2413,0
DA:2415,0
DA:2416,0
DA:2421,0
DA:2429,0
DA:2430,0
DA:2441,0
DA:2442,0
DA:2443,0
DA:2444,0
DA:2446,0
DA:2447,0
DA:2452,0
DA:2457,0
DA:2458,0
DA:2469,0
DA:2470,0
DA:2471,0
DA:2472,0
DA:2474,0
DA:2475,0
DA:2480,0
DA:2487,0
DA:2488,0
DA:2489,0
DA:2492,0
DA:2497,0
DA:2498,0
DA:2509,0
DA:2510,0
DA:2511,0
DA:2512,0
DA:2514,0
DA:2515,0
DA:2520,0
DA:2527,0
DA:2532,0
DA:2533,0
DA:2544,0
DA:2545,0
DA:2546,0
DA:2547,0
DA:2549,0
DA:2554,0
DA:2555,0
DA:2568,0
DA:2569,0
DA:2570,0
DA:2572,0
DA:2575,0
DA:2576,0
DA:2578,0
DA:2579,0
DA:2581,0
DA:2582,0
DA:2586,0
DA:2587,0
DA:2588,0
DA:2590,0
DA:2591,0
DA:2596,0
DA:2604,0
DA:2605,0
DA:2616,0
DA:2617,0
DA:2618,0
DA:2619,0
DA:2621,0
DA:2622,0
DA:2627,0
DA:2632,0
DA:2633,0
DA:2644,0
DA:2645,0
DA:2646,0
DA:2647,0
DA:2649,0
DA:2650,0
DA:2655,0
DA:2662,0
DA:2663,0
DA:2664,0
DA:2667,0
DA:2672,0
DA:2673,0
DA:2684,0
DA:2685,0
DA:2686,0
DA:2687,0
DA:2689,0
DA:2690,0
DA:2695,0
DA:2702,0
DA:2707,0
DA:2708,0
DA:2719,0
DA:2720,0
DA:2721,0
DA:2722,0
DA:2724,0
DA:2729,0
DA:2730,0
DA:2745,0
DA:2748,0
DA:2749,0
DA:2752,0
DA:2755,0
DA:2756,0
DA:2757,0
DA:2759,0
DA:2760,0
DA:2763,0
DA:2764,0
DA:2766,0
DA:2768,0
DA:2771,0
LF:800
LH:0
BRDA:15,0,0,0
BRDA:15,1,0,0
BRDA:20,2,0,0
BRDA:20,2,1,0
BRDA:23,3,0,0
BRDA:23,3,1,0
BRDA:26,4,0,0
BRDA:26,4,1,0
BRDA:66,5,0,0
BRDA:66,5,1,0
BRDA:99,6,0,0
BRDA:99,6,1,0
BRDA:100,7,0,0
BRDA:100,7,1,0
BRDA:105,8,0,0
BRDA:105,8,1,0
BRDA:186,9,0,0
BRDA:186,9,1,0
BRDA:219,10,0,0
BRDA:268,11,0,0
BRDA:268,11,1,0
BRDA:298,12,0,0
BRDA:298,12,1,0
BRDA:308,13,0,0
BRDA:308,13,1,0
BRDA:378,14,0,0
BRDA:378,14,1,0
BRDA:379,15,0,0
BRDA:379,15,1,0
BRDA:401,16,0,0
BRDA:401,16,1,0
BRDA:404,17,0,0
BRDA:404,17,1,0
BRDA:404,18,0,0
BRDA:404,18,1,0
BRDA:407,19,0,0
BRDA:407,19,1,0
BRDA:407,20,0,0
BRDA:407,20,1,0
BRDA:413,21,0,0
BRDA:413,21,1,0
BRDA:414,22,0,0
BRDA:414,22,1,0
BRDA:419,23,0,0
BRDA:419,23,1,0
BRDA:420,24,0,0
BRDA:420,24,1,0
BRDA:423,25,0,0
BRDA:423,25,1,0
BRDA:430,26,0,0
BRDA:430,26,1,0
BRDA:450,27,0,0
BRDA:499,28,0,0
BRDA:499,28,1,0
BRDA:501,29,0,0
BRDA:501,29,1,0
BRDA:507,30,0,0
BRDA:507,30,1,0
BRDA:508,31,0,0
BRDA:508,31,1,0
BRDA:510,32,0,0
BRDA:510,32,1,0
BRDA:511,33,0,0
BRDA:511,33,1,0
BRDA:536,34,0,0
BRDA:543,35,0,0
BRDA:543,35,1,0
BRDA:545,36,0,0
BRDA:545,36,1,0
BRDA:547,37,0,0
BRDA:547,37,1,0
BRDA:616,38,0,0
BRDA:616,38,1,0
BRDA:619,39,0,0
BRDA:619,39,1,0
BRDA:622,40,0,0
BRDA:622,40,1,0
BRDA:629,41,0,0
BRDA:629,41,1,0
BRDA:669,42,0,0
BRDA:669,42,1,0
BRDA:702,43,0,0
BRDA:702,43,1,0
BRDA:729,44,0,0
BRDA:729,44,1,0
BRDA:818,45,0,0
BRDA:818,45,1,0
BRDA:841,46,0,0
BRDA:841,46,1,0
BRDA:844,47,0,0
BRDA:844,47,1,0
BRDA:877,48,0,0
BRDA:877,48,1,0
BRDA:904,49,0,0
BRDA:904,49,1,0
BRDA:993,50,0,0
BRDA:993,50,1,0
BRDA:1012,51,0,0
BRDA:1012,52,0,0
BRDA:1029,53,0,0
BRDA:1029,53,1,0
BRDA:1031,54,0,0
BRDA:1031,54,1,0
BRDA:1032,55,0,0
BRDA:1032,55,1,0
BRDA:1034,56,0,0
BRDA:1034,56,1,0
BRDA:1035,57,0,0
BRDA:1035,57,1,0
BRDA:1036,58,0,0
BRDA:1036,58,1,0
BRDA:1043,59,0,0
BRDA:1043,59,1,0
BRDA:1046,60,0,0
BRDA:1046,60,1,0
BRDA:1047,61,0,0
BRDA:1047,61,1,0
BRDA:1049,62,0,0
BRDA:1049,62,1,0
BRDA:1053,63,0,0
BRDA:1053,63,1,0
BRDA:1054,64,0,0
BRDA:1054,64,1,0
BRDA:1056,65,0,0
BRDA:1056,65,1,0
BRDA:1063,66,0,0
BRDA:1063,66,1,0
BRDA:1063,66,2,0
BRDA:1064,67,0,0
BRDA:1064,67,1,0
BRDA:1064,67,2,0
BRDA:1098,68,0,0
BRDA:1098,68,1,0
BRDA:1109,69,0,0
BRDA:1109,69,1,0
BRDA:1118,70,0,0
BRDA:1118,70,1,0
BRDA:1126,71,0,0
BRDA:1126,71,1,0
BRDA:1136,72,0,0
BRDA:1136,72,1,0
BRDA:1142,73,0,0
BRDA:1142,73,1,0
BRDA:1148,74,0,0
BRDA:1148,74,1,0
BRDA:1154,75,0,0
BRDA:1154,75,1,0
BRDA:1161,76,0,0
BRDA:1161,76,1,0
BRDA:1168,77,0,0
BRDA:1168,77,1,0
BRDA:1175,78,0,0
BRDA:1175,78,1,0
BRDA:1202,79,0,0
BRDA:1202,79,1,0
BRDA:1203,80,0,0
BRDA:1203,80,1,0
BRDA:1204,81,0,0
BRDA:1204,81,1,0
BRDA:1205,82,0,0
BRDA:1205,82,1,0
BRDA:1211,83,0,0
BRDA:1211,83,1,0
BRDA:1219,84,0,0
BRDA:1219,84,1,0
BRDA:1229,85,0,0
BRDA:1229,85,1,0
BRDA:1235,86,0,0
BRDA:1235,86,1,0
BRDA:1241,87,0,0
BRDA:1241,87,1,0
BRDA:1247,88,0,0
BRDA:1247,88,1,0
BRDA:1254,89,0,0
BRDA:1254,89,1,0
BRDA:1262,90,0,0
BRDA:1262,90,1,0
BRDA:1263,91,0,0
BRDA:1263,91,1,0
BRDA:1264,92,0,0
BRDA:1264,92,1,0
BRDA:1265,93,0,0
BRDA:1265,93,1,0
BRDA:1266,94,0,0
BRDA:1266,94,1,0
BRDA:1364,95,0,0
BRDA:1364,95,1,0
BRDA:1389,96,0,0
BRDA:1389,96,1,0
BRDA:1445,97,0,0
BRDA:1445,98,0,0
BRDA:1449,99,0,0
BRDA:1449,99,1,0
BRDA:1452,100,0,0
BRDA:1452,100,1,0
BRDA:1455,101,0,0
BRDA:1455,101,1,0
BRDA:1456,102,0,0
BRDA:1456,102,1,0
BRDA:1458,103,0,0
BRDA:1458,103,1,0
BRDA:1471,104,0,0
BRDA:1471,104,1,0
BRDA:1472,105,0,0
BRDA:1472,105,1,0
BRDA:1473,106,0,0
BRDA:1473,106,1,0
BRDA:1474,107,0,0
BRDA:1474,107,1,0
BRDA:1505,108,0,0
BRDA:1505,108,1,0
BRDA:1516,109,0,0
BRDA:1516,109,1,0
BRDA:1527,110,0,0
BRDA:1527,110,1,0
BRDA:1533,111,0,0
BRDA:1533,111,1,0
BRDA:1539,112,0,0
BRDA:1539,112,1,0
BRDA:1544,113,0,0
BRDA:1544,113,1,0
BRDA:1550,114,0,0
BRDA:1550,114,1,0
BRDA:1557,115,0,0
BRDA:1557,115,1,0
BRDA:1584,116,0,0
BRDA:1584,116,1,0
BRDA:1595,117,0,0
BRDA:1595,117,1,0
BRDA:1601,118,0,0
BRDA:1601,118,1,0
BRDA:1607,119,0,0
BRDA:1607,119,1,0
BRDA:1612,120,0,0
BRDA:1612,120,1,0
BRDA:1619,121,0,0
BRDA:1619,121,1,0
BRDA:1620,122,0,0
BRDA:1620,122,1,0
BRDA:1621,123,0,0
BRDA:1621,123,1,0
BRDA:1622,124,0,0
BRDA:1622,124,1,0
BRDA:1623,125,0,0
BRDA:1623,125,1,0
BRDA:1712,126,0,0
BRDA:1716,127,0,0
BRDA:1716,127,1,0
BRDA:1742,128,0,0
BRDA:1746,129,0,0
BRDA:1746,129,1,0
BRDA:1772,130,0,0
BRDA:1776,131,0,0
BRDA:1776,131,1,0
BRDA:1802,132,0,0
BRDA:1806,133,0,0
BRDA:1806,133,1,0
BRDA:1839,134,0,0
BRDA:1840,135,0,0
BRDA:1846,136,0,0
BRDA:1846,136,1,0
BRDA:1849,137,0,0
BRDA:1849,137,1,0
BRDA:1852,138,0,0
BRDA:1852,138,1,0
BRDA:1855,139,0,0
BRDA:1855,139,1,0
BRDA:1856,140,0,0
BRDA:1856,140,1,0
BRDA:1858,141,0,0
BRDA:1858,141,1,0
BRDA:1871,142,0,0
BRDA:1871,142,1,0
BRDA:1871,143,0,0
BRDA:1871,143,1,0
BRDA:1872,144,0,0
BRDA:1872,144,1,0
BRDA:1873,145,0,0
BRDA:1873,145,1,0
BRDA:1874,146,0,0
BRDA:1874,146,1,0
BRDA:1875,147,0,0
BRDA:1875,147,1,0
BRDA:1876,148,0,0
BRDA:1876,148,1,0
BRDA:1877,149,0,0
BRDA:1877,149,1,0
BRDA:1879,150,0,0
BRDA:1879,150,1,0
BRDA:1880,151,0,0
BRDA:1880,151,1,0
BRDA:1881,152,0,0
BRDA:1881,152,1,0
BRDA:1913,153,0,0
BRDA:1913,153,1,0
BRDA:1924,154,0,0
BRDA:1924,154,1,0
BRDA:1934,155,0,0
BRDA:1934,155,1,0
BRDA:1941,156,0,0
BRDA:1941,156,1,0
BRDA:1947,157,0,0
BRDA:1947,157,1,0
BRDA:1954,158,0,0
BRDA:1954,158,1,0
BRDA:1962,159,0,0
BRDA:1962,159,1,0
BRDA:1970,160,0,0
BRDA:1970,160,1,0
BRDA:1979,161,0,0
BRDA:1979,161,1,0
BRDA:1980,162,0,0
BRDA:1980,162,1,0
BRDA:1981,163,0,0
BRDA:1981,163,1,0
BRDA:2015,164,0,0
BRDA:2015,164,1,0
BRDA:2031,165,0,0
BRDA:2031,165,1,0
BRDA:2033,166,0,0
BRDA:2033,166,1,0
BRDA:2039,167,0,0
BRDA:2039,167,1,0
BRDA:2071,168,0,0
BRDA:2071,168,1,0
BRDA:2081,169,0,0
BRDA:2081,169,1,0
BRDA:2083,170,0,0
BRDA:2083,170,1,0
BRDA:2088,171,0,0
BRDA:2088,171,1,0
BRDA:2089,172,0,0
BRDA:2089,172,1,0
BRDA:2090,173,0,0
BRDA:2090,173,1,0
BRDA:2090,174,0,0
BRDA:2090,174,1,0
BRDA:2095,175,0,0
BRDA:2095,175,1,0
BRDA:2131,176,0,0
BRDA:2131,176,1,0
BRDA:2143,177,0,0
BRDA:2143,177,1,0
BRDA:2148,178,0,0
BRDA:2148,178,1,0
BRDA:2151,179,0,0
BRDA:2151,179,1,0
BRDA:2152,180,0,0
BRDA:2152,180,1,0
BRDA:2190,181,0,0
BRDA:2190,181,1,0
BRDA:2197,182,0,0
BRDA:2197,182,1,0
BRDA:2221,183,0,0
BRDA:2221,184,0,0
BRDA:2226,185,0,0
BRDA:2226,185,1,0
BRDA:2229,186,0,0
BRDA:2229,186,1,0
BRDA:2232,187,0,0
BRDA:2232,187,1,0
BRDA:2272,188,0,0
BRDA:2272,188,1,0
BRDA:2300,189,0,0
BRDA:2300,189,1,0
BRDA:2339,190,0,0
BRDA:2339,190,1,0
BRDA:2395,191,0,0
BRDA:2395,192,0,0
BRDA:2400,193,0,0
BRDA:2400,193,1,0
BRDA:2403,194,0,0
BRDA:2403,194,1,0
BRDA:2406,195,0,0
BRDA:2406,195,1,0
BRDA:2446,196,0,0
BRDA:2446,196,1,0
BRDA:2474,197,0,0
BRDA:2474,197,1,0
BRDA:2487,198,0,0
BRDA:2487,198,1,0
BRDA:2514,199,0,0
BRDA:2514,199,1,0
BRDA:2570,200,0,0
BRDA:2570,201,0,0
BRDA:2575,202,0,0
BRDA:2575,202,1,0
BRDA:2578,203,0,0
BRDA:2578,203,1,0
BRDA:2581,204,0,0
BRDA:2581,204,1,0
BRDA:2621,205,0,0
BRDA:2621,205,1,0
BRDA:2649,206,0,0
BRDA:2649,206,1,0
BRDA:2662,207,0,0
BRDA:2662,207,1,0
BRDA:2689,208,0,0
BRDA:2689,208,1,0
BRDA:2745,209,0,0
BRDA:2745,209,1,0
BRDA:2759,210,0,0
BRDA:2759,210,1,0
BRDA:2759,211,0,0
BRDA:2759,211,1,0
BRDA:2763,212,0,0
BRDA:2763,212,1,0
BRF:407
BRH:0
end_of_record
TN:
SF:controllers\applicationController.js
FN:9,(anonymous_0)
FN:75,(anonymous_1)
FN:84,(anonymous_2)
FN:106,(anonymous_3)
FN:134,(anonymous_4)
FNF:5
FNH:0
FNDA:0,(anonymous_0)
FNDA:0,(anonymous_1)
FNDA:0,(anonymous_2)
FNDA:0,(anonymous_3)
FNDA:0,(anonymous_4)
DA:9,0
DA:10,0
DA:11,0
DA:14,0
DA:55,0
DA:57,0
DA:63,0
DA:64,0
DA:75,0
DA:76,0
DA:77,0
DA:79,0
DA:84,0
DA:89,0
DA:94,0
DA:95,0
DA:106,0
DA:107,0
DA:108,0
DA:109,0
DA:111,0
DA:112,0
DA:117,0
DA:122,0
DA:123,0
DA:134,0
DA:135,0
DA:136,0
DA:137,0
DA:142,0
DA:144,0
DA:149,0
DA:150,0
LF:33
LH:0
BRDA:15,0,0,0
BRDA:15,0,1,0
BRDA:16,1,0,0
BRDA:16,1,1,0
BRDA:17,2,0,0
BRDA:17,2,1,0
BRDA:18,3,0,0
BRDA:18,3,1,0
BRDA:27,4,0,0
BRDA:27,4,1,0
BRDA:33,5,0,0
BRDA:33,5,1,0
BRDA:43,6,0,0
BRDA:43,6,1,0
BRDA:111,7,0,0
BRDA:111,7,1,0
BRF:16
BRH:0
end_of_record
TN:
SF:controllers\authController.js
FN:8,(anonymous_0)
FN:74,(anonymous_1)
FN:121,(anonymous_2)
FNF:3
FNH:0
FNDA:0,(anonymous_0)
FNDA:0,(anonymous_1)
FNDA:0,(anonymous_2)
DA:8,0
DA:9,0
DA:10,0
DA:12,0
DA:13,0
DA:20,0
DA:23,0
DA:38,0
DA:50,0
DA:52,0
DA:53,0
DA:57,0
DA:58,0
DA:64,0
DA:74,0
DA:75,0
DA:76,0
DA:78,0
DA:79,0
DA:86,0
DA:89,0
DA:104,0
DA:110,0
DA:111,0
DA:121,0
DA:122,0
DA:123,0
DA:125,0
DA:126,0
DA:132,0
DA:134,0
DA:145,0
LF:32
LH:0
BRDA:12,0,0,0
BRDA:12,0,1,0
BRDA:30,1,0,0
BRDA:30,1,1,0
BRDA:52,2,0,0
BRDA:52,2,1,0
BRDA:57,3,0,0
BRDA:57,3,1,0
BRDA:78,4,0,0
BRDA:78,4,1,0
BRDA:86,5,0,0
BRDA:86,5,1,0
BRDA:86,5,2,0
BRDA:96,6,0,0
BRDA:96,6,1,0
BRDA:125,7,0,0
BRDA:125,7,1,0
BRDA:132,8,0,0
BRDA:132,8,1,0
BRF:19
BRH:0
end_of_record
TN:
SF:controllers\bookingController.js
FN:10,(anonymous_0)
FN:86,(anonymous_1)
FN:107,(anonymous_2)
FN:137,(anonymous_3)
FNF:4
FNH:0
FNDA:0,(anonymous_0)
FNDA:0,(anonymous_1)
FNDA:0,(anonymous_2)
FNDA:0,(anonymous_3)
DA:10,0
DA:11,0
DA:12,0
DA:13,0
DA:16,0
DA:17,0
DA:23,0
DA:24,0
DA:31,0
DA:39,0
DA:40,0
DA:43,0
DA:46,0
DA:47,0
DA:50,0
DA:51,0
DA:53,0
DA:54,0
DA:55,0
DA:57,0
DA:58,0
DA:59,0
DA:62,0
DA:63,0
DA:68,0
DA:76,0
DA:77,0
DA:86,0
DA:87,0
DA:88,0
DA:89,0
DA:92,0
DA:93,0
DA:100,0
DA:106,0
DA:107,0
DA:108,0
DA:111,0
DA:117,0
DA:120,0
DA:121,0
DA:128,0
DA:137,0
DA:138,0
DA:139,0
DA:140,0
DA:143,0
DA:145,0
DA:146,0
DA:152,0
DA:155,0
DA:156,0
DA:162,0
DA:167,0
DA:168,0
LF:55
LH:0
BRDA:16,0,0,0
BRDA:16,0,1,0
BRDA:16,1,0,0
BRDA:16,1,1,0
BRDA:16,1,2,0
BRDA:23,2,0,0
BRDA:23,2,1,0
BRDA:57,3,0,0
BRDA:57,3,1,0
BRDA:92,4,0,0
BRDA:92,4,1,0
BRDA:92,5,0,0
BRDA:92,5,1,0
BRDA:120,6,0,0
BRDA:120,6,1,0
BRDA:120,7,0,0
BRDA:120,7,1,0
BRDA:145,8,0,0
BRDA:145,8,1,0
BRDA:155,9,0,0
BRDA:155,9,1,0
BRDA:155,10,0,0
BRDA:155,10,1,0
BRF:23
BRH:0
end_of_record
TN:
SF:controllers\flightController.js
FN:3,(anonymous_0)
FN:39,(anonymous_1)
FN:58,(anonymous_2)
FN:86,(anonymous_3)
FN:126,(anonymous_4)
FNF:5
FNH:2
FNDA:1,(anonymous_0)
FNDA:1,(anonymous_1)
FNDA:0,(anonymous_2)
FNDA:0,(anonymous_3)
FNDA:0,(anonymous_4)
DA:3,1
DA:4,1
DA:12,1
DA:15,1
DA:16,0
DA:21,1
DA:30,0
DA:35,1
DA:39,1
DA:40,1
DA:41,1
DA:43,1
DA:44,0
DA:47,1
DA:49,1
DA:54,0
DA:58,1
DA:59,0
DA:60,0
DA:62,0
DA:63,0
DA:67,0
DA:68,0
DA:71,0
DA:73,0
DA:76,0
DA:81,0
DA:86,1
DA:87,0
DA:88,0
DA:89,0
DA:90,0
DA:91,0
DA:93,0
DA:94,0
DA:97,0
DA:124,0
DA:126,0
LF:38
LH:14
BRDA:15,0,0,0
BRDA:15,0,1,1
BRDA:15,1,0,1
BRDA:15,1,1,1
BRDA:15,1,2,1
BRDA:43,2,0,0
BRDA:43,2,1,1
BRDA:62,3,0,0
BRDA:62,3,1,0
BRDA:124,4,0,0
BRDA:124,4,1,0
BRF:11
BRH:5
end_of_record
TN:
SF:controllers\holidayController.js
FN:10,(anonymous_0)
FN:90,(anonymous_1)
FN:111,(anonymous_2)
FN:141,(anonymous_3)
FNF:4
FNH:0
FNDA:0,(anonymous_0)
FNDA:0,(anonymous_1)
FNDA:0,(anonymous_2)
FNDA:0,(anonymous_3)
DA:10,0
DA:11,0
DA:12,0
DA:13,0
DA:16,0
DA:17,0
DA:23,0
DA:24,0
DA:31,0
DA:43,0
DA:44,0
DA:47,0
DA:50,0
DA:51,0
DA:54,0
DA:55,0
DA:57,0
DA:58,0
DA:59,0
DA:61,0
DA:62,0
DA:63,0
DA:66,0
DA:67,0
DA:72,0
DA:80,0
DA:81,0
DA:90,0
DA:91,0
DA:92,0
DA:93,0
DA:96,0
DA:97,0
DA:104,0
DA:110,0
DA:111,0
DA:112,0
DA:115,0
DA:121,0
DA:124,0
DA:125,0
DA:132,0
DA:141,0
DA:142,0
DA:143,0
DA:144,0
DA:147,0
DA:149,0
DA:150,0
DA:156,0
DA:159,0
DA:160,0
DA:166,0
DA:171,0
DA:172,0
LF:55
LH:0
BRDA:16,0,0,0
BRDA:16,0,1,0
BRDA:16,1,0,0
BRDA:16,1,1,0
BRDA:16,1,2,0
BRDA:23,2,0,0
BRDA:23,2,1,0
BRDA:61,3,0,0
BRDA:61,3,1,0
BRDA:96,4,0,0
BRDA:96,4,1,0
BRDA:96,5,0,0
BRDA:96,5,1,0
BRDA:124,6,0,0
BRDA:124,6,1,0
BRDA:124,7,0,0
BRDA:124,7,1,0
BRDA:149,8,0,0
BRDA:149,8,1,0
BRDA:159,9,0,0
BRDA:159,9,1,0
BRDA:159,10,0,0
BRDA:159,10,1,0
BRF:23
BRH:0
end_of_record
TN:
SF:controllers\hotelController.js
FN:10,(anonymous_0)
FN:90,(anonymous_1)
FN:111,(anonymous_2)
FN:141,(anonymous_3)
FNF:4
FNH:0
FNDA:0,(anonymous_0)
FNDA:0,(anonymous_1)
FNDA:0,(anonymous_2)
FNDA:0,(anonymous_3)
DA:10,0
DA:11,0
DA:12,0
DA:13,0
DA:16,0
DA:17,0
DA:23,0
DA:24,0
DA:31,0
DA:43,0
DA:44,0
DA:47,0
DA:50,0
DA:51,0
DA:54,0
DA:55,0
DA:57,0
DA:58,0
DA:59,0
DA:61,0
DA:62,0
DA:63,0
DA:66,0
DA:67,0
DA:72,0
DA:80,0
DA:81,0
DA:90,0
DA:91,0
DA:92,0
DA:93,0
DA:96,0
DA:97,0
DA:104,0
DA:110,0
DA:111,0
DA:112,0
DA:115,0
DA:121,0
DA:124,0
DA:125,0
DA:132,0
DA:141,0
DA:142,0
DA:143,0
DA:144,0
DA:147,0
DA:149,0
DA:150,0
DA:156,0
DA:159,0
DA:160,0
DA:166,0
DA:171,0
DA:172,0
LF:55
LH:0
BRDA:16,0,0,0
BRDA:16,0,1,0
BRDA:16,1,0,0
BRDA:16,1,1,0
BRDA:16,1,2,0
BRDA:23,2,0,0
BRDA:23,2,1,0
BRDA:61,3,0,0
BRDA:61,3,1,0
BRDA:96,4,0,0
BRDA:96,4,1,0
BRDA:96,5,0,0
BRDA:96,5,1,0
BRDA:124,6,0,0
BRDA:124,6,1,0
BRDA:124,7,0,0
BRDA:124,7,1,0
BRDA:149,8,0,0
BRDA:149,8,1,0
BRDA:159,9,0,0
BRDA:159,9,1,0
BRDA:159,10,0,0
BRDA:159,10,1,0
BRF:23
BRH:0
end_of_record
TN:
SF:controllers\notificationController.js
FN:43,(anonymous_0)
FN:117,(anonymous_1)
FN:140,(anonymous_2)
FN:169,(anonymous_3)
FN:232,(anonymous_4)
FN:287,(anonymous_5)
FN:327,(anonymous_6)
FN:351,(anonymous_7)
FN:376,(anonymous_8)
FN:396,(anonymous_9)
FN:415,(anonymous_10)
FN:431,(anonymous_11)
FN:455,(anonymous_12)
FN:474,(anonymous_13)
FN:492,(anonymous_14)
FNF:15
FNH:0
FNDA:0,(anonymous_0)
FNDA:0,(anonymous_1)
FNDA:0,(anonymous_2)
FNDA:0,(anonymous_3)
FNDA:0,(anonymous_4)
FNDA:0,(anonymous_5)
FNDA:0,(anonymous_6)
FNDA:0,(anonymous_7)
FNDA:0,(anonymous_8)
FNDA:0,(anonymous_9)
FNDA:0,(anonymous_10)
FNDA:0,(anonymous_11)
FNDA:0,(anonymous_12)
FNDA:0,(anonymous_13)
FNDA:0,(anonymous_14)
DA:6,0
DA:9,0
DA:10,0
DA:15,0
DA:17,0
DA:43,0
DA:44,0
DA:45,0
DA:47,0
DA:48,0
DA:55,0
DA:60,0
DA:61,0
DA:68,0
DA:77,0
DA:79,0
DA:87,0
DA:88,0
DA:117,0
DA:118,0
DA:119,0
DA:121,0
DA:122,0
DA:128,0
DA:132,0
DA:133,0
DA:140,0
DA:141,0
DA:143,0
DA:148,0
DA:149,0
DA:169,0
DA:170,0
DA:171,0
DA:173,0
DA:178,0
DA:180,0
DA:191,0
DA:196,0
DA:197,0
DA:232,0
DA:233,0
DA:234,0
DA:235,0
DA:237,0
DA:245,0
DA:251,0
DA:252,0
DA:287,0
DA:288,0
DA:289,0
DA:291,0
DA:292,0
DA:299,0
DA:304,0
DA:305,0
DA:312,0
DA:320,0
DA:327,0
DA:328,0
DA:329,0
DA:334,0
DA:335,0
DA:336,0
DA:337,0
DA:339,0
DA:342,0
DA:343,0
DA:346,0
DA:350,0
DA:351,0
DA:353,0
DA:363,0
DA:364,0
DA:376,0
DA:377,0
DA:378,0
DA:383,0
DA:384,0
DA:385,0
DA:388,0
DA:396,0
DA:397,0
DA:398,0
DA:403,0
DA:404,0
DA:405,0
DA:407,0
DA:408,0
DA:410,0
DA:414,0
DA:415,0
DA:417,0
DA:423,0
DA:424,0
DA:431,0
DA:432,0
DA:433,0
DA:434,0
DA:436,0
DA:455,0
DA:456,0
DA:458,0
DA:474,0
DA:475,0
DA:477,0
DA:492,0
DA:493,0
DA:495,0
LF:109
LH:0
BRDA:9,0,0,0
BRDA:9,0,1,0
BRDA:9,1,0,0
BRDA:9,1,1,0
BRDA:11,2,0,0
BRDA:11,2,1,0
BRDA:47,3,0,0
BRDA:47,3,1,0
BRDA:47,4,0,0
BRDA:47,4,1,0
BRDA:60,5,0,0
BRDA:60,5,1,0
BRDA:72,6,0,0
BRDA:72,6,1,0
BRDA:121,7,0,0
BRDA:121,7,1,0
BRDA:132,8,0,0
BRDA:132,8,1,0
BRDA:178,9,0,0
BRDA:178,9,1,0
BRDA:291,10,0,0
BRDA:291,10,1,0
BRDA:291,11,0,0
BRDA:291,11,1,0
BRDA:291,11,2,0
BRDA:304,12,0,0
BRDA:304,12,1,0
BRDA:317,13,0,0
BRDA:317,13,1,0
BRDA:342,14,0,0
BRDA:342,14,1,0
BRDA:342,15,0,0
BRDA:342,15,1,0
BRDA:351,16,0,0
BRDA:351,16,1,0
BRDA:383,17,0,0
BRDA:383,17,1,0
BRDA:393,18,0,0
BRDA:393,18,1,0
BRDA:407,19,0,0
BRDA:407,19,1,0
BRDA:407,20,0,0
BRDA:407,20,1,0
BRDA:501,21,0,0
BRDA:501,21,1,0
BRF:45
BRH:0
end_of_record
TN:
SF:controllers\paymentController.js
FN:13,(anonymous_0)
FN:65,(anonymous_1)
FN:98,(anonymous_2)
FN:122,(anonymous_3)
FN:157,(anonymous_4)
FNF:5
FNH:0
FNDA:0,(anonymous_0)
FNDA:0,(anonymous_1)
FNDA:0,(anonymous_2)
FNDA:0,(anonymous_3)
FNDA:0,(anonymous_4)
DA:5,1
DA:14,0
DA:16,0
DA:17,0
DA:18,0
DA:25,0
DA:28,0
DA:31,0
DA:34,0
DA:47,0
DA:55,0
DA:56,0
DA:61,1
DA:66,0
DA:67,0
DA:68,0
DA:69,0
DA:76,0
DA:79,0
DA:81,0
DA:92,0
DA:93,0
DA:98,1
DA:99,0
DA:100,0
DA:102,0
DA:104,0
DA:112,0
DA:113,0
DA:117,1
DA:123,0
DA:124,0
DA:125,0
DA:126,0
DA:133,0
DA:137,0
DA:141,0
DA:150,0
DA:151,0
DA:157,1
DA:158,0
DA:159,0
DA:161,0
DA:162,0
DA:163,0
DA:169,0
DA:171,0
DA:172,0
DA:173,0
DA:181,0
DA:184,0
DA:189,0
DA:190,0
DA:191,0
DA:192,0
DA:193,0
DA:200,0
DA:202,0
DA:205,0
DA:207,0
DA:215,0
DA:218,0
DA:224,0
DA:227,0
DA:229,0
DA:232,0
DA:234,0
DA:237,0
DA:241,0
DA:243,0
DA:247,0
LF:71
LH:5
BRDA:17,0,0,0
BRDA:17,0,1,0
BRDA:25,1,0,0
BRDA:39,2,0,0
BRDA:39,2,1,0
BRDA:42,3,0,0
BRDA:42,3,1,0
BRDA:44,4,0,0
BRDA:44,4,1,0
BRDA:68,5,0,0
BRDA:68,5,1,0
BRDA:125,6,0,0
BRDA:125,6,1,0
BRDA:137,7,0,0
BRDA:137,7,1,0
BRDA:161,8,0,0
BRDA:161,8,1,0
BRDA:171,9,0,0
BRDA:171,9,1,0
BRDA:181,10,0,0
BRDA:181,10,1,0
BRDA:189,11,0,0
BRDA:189,11,1,0
BRDA:205,12,0,0
BRDA:205,12,1,0
BRDA:205,12,2,0
BRDA:205,12,3,0
BRDA:205,12,4,0
BRF:28
BRH:0
end_of_record
TN:
SF:controllers\priceAlertController.js
FN:10,(anonymous_0)
FN:45,(anonymous_1)
FN:59,(anonymous_2)
FN:84,(anonymous_3)
FN:128,(anonymous_4)
FN:183,(anonymous_5)
FN:226,(anonymous_6)
FNF:7
FNH:0
FNDA:0,(anonymous_0)
FNDA:0,(anonymous_1)
FNDA:0,(anonymous_2)
FNDA:0,(anonymous_3)
FNDA:0,(anonymous_4)
FNDA:0,(anonymous_5)
FNDA:0,(anonymous_6)
DA:5,0
DA:10,0
DA:11,0
DA:12,0
DA:13,0
DA:21,0
DA:22,0
DA:24,0
DA:33,0
DA:34,0
DA:45,0
DA:46,0
DA:47,0
DA:48,0
DA:50,0
DA:52,0
DA:53,0
DA:56,0
DA:58,0
DA:59,0
DA:60,0
DA:66,0
DA:72,0
DA:73,0
DA:84,0
DA:85,0
DA:86,0
DA:87,0
DA:89,0
DA:91,0
DA:92,0
DA:98,0
DA:101,0
DA:102,0
DA:108,0
DA:116,0
DA:117,0
DA:128,0
DA:129,0
DA:130,0
DA:131,0
DA:132,0
DA:134,0
DA:136,0
DA:137,0
DA:143,0
DA:146,0
DA:147,0
DA:154,0
DA:159,0
DA:161,0
DA:171,0
DA:172,0
DA:183,0
DA:184,0
DA:185,0
DA:186,0
DA:188,0
DA:190,0
DA:191,0
DA:197,0
DA:200,0
DA:201,0
DA:207,0
DA:209,0
DA:214,0
DA:215,0
DA:226,0
DA:227,0
DA:228,0
DA:229,0
DA:231,0
DA:233,0
DA:234,0
DA:240,0
DA:243,0
DA:244,0
DA:250,0
DA:252,0
DA:257,0
DA:266,0
DA:267,0
LF:82
LH:0
BRDA:52,0,0,0
BRDA:52,0,1,0
BRDA:91,1,0,0
BRDA:91,1,1,0
BRDA:101,2,0,0
BRDA:101,2,1,0
BRDA:136,3,0,0
BRDA:136,3,1,0
BRDA:146,4,0,0
BRDA:146,4,1,0
BRDA:190,5,0,0
BRDA:190,5,1,0
BRDA:200,6,0,0
BRDA:200,6,1,0
BRDA:233,7,0,0
BRDA:233,7,1,0
BRDA:243,8,0,0
BRDA:243,8,1,0
BRDA:263,9,0,0
BRDA:263,9,1,0
BRF:20
BRH:0
end_of_record
TN:
SF:controllers\universityController.js
FN:8,(anonymous_0)
FN:19,(anonymous_1)
FN:46,(anonymous_2)
FN:49,(anonymous_3)
FN:53,(anonymous_4)
FN:84,(anonymous_5)
FN:97,(anonymous_6)
FN:113,(anonymous_7)
FN:116,(anonymous_8)
FN:121,(anonymous_9)
FN:148,(anonymous_10)
FNF:11
FNH:0
FNDA:0,(anonymous_0)
FNDA:0,(anonymous_1)
FNDA:0,(anonymous_2)
FNDA:0,(anonymous_3)
FNDA:0,(anonymous_4)
FNDA:0,(anonymous_5)
FNDA:0,(anonymous_6)
FNDA:0,(anonymous_7)
FNDA:0,(anonymous_8)
FNDA:0,(anonymous_9)
FNDA:0,(anonymous_10)
DA:8,0
DA:9,0
DA:10,0
DA:14,0
DA:15,0
DA:16,0
DA:18,0
DA:19,0
DA:20,0
DA:21,0
DA:45,0
DA:46,0
DA:48,0
DA:49,0
DA:53,0
DA:54,0
DA:55,0
DA:56,0
DA:60,0
DA:61,0
DA:62,0
DA:64,0
DA:72,0
DA:73,0
DA:84,0
DA:85,0
DA:86,0
DA:89,0
DA:90,0
DA:95,0
DA:97,0
DA:98,0
DA:99,0
DA:113,0
DA:115,0
DA:116,0
DA:119,0
DA:120,0
DA:121,0
DA:122,0
DA:129,0
DA:131,0
DA:136,0
DA:137,0
DA:148,0
DA:149,0
DA:150,0
DA:151,0
DA:153,0
DA:154,0
DA:159,0
DA:162,0
DA:163,0
DA:169,0
DA:200,0
DA:205,0
DA:206,0
LF:57
LH:0
BRDA:10,0,0,0
BRDA:10,1,0,0
BRDA:24,2,0,0
BRDA:24,2,1,0
BRDA:24,2,2,0
BRDA:25,3,0,0
BRDA:25,3,1,0
BRDA:25,3,2,0
BRDA:26,4,0,0
BRDA:26,4,1,0
BRDA:26,4,2,0
BRDA:27,5,0,0
BRDA:27,5,1,0
BRDA:27,5,2,0
BRDA:28,6,0,0
BRDA:28,6,1,0
BRDA:28,6,2,0
BRDA:29,7,0,0
BRDA:29,7,1,0
BRDA:29,7,2,0
BRDA:30,8,0,0
BRDA:30,8,1,0
BRDA:30,8,2,0
BRDA:31,9,0,0
BRDA:31,9,1,0
BRDA:31,9,2,0
BRDA:32,10,0,0
BRDA:32,10,1,0
BRDA:32,10,2,0
BRDA:33,11,0,0
BRDA:33,11,1,0
BRDA:34,12,0,0
BRDA:34,12,1,0
BRDA:34,12,2,0
BRDA:35,13,0,0
BRDA:35,13,1,0
BRDA:35,13,2,0
BRDA:36,14,0,0
BRDA:36,14,1,0
BRDA:37,15,0,0
BRDA:37,15,1,0
BRDA:37,15,2,0
BRDA:38,16,0,0
BRDA:38,16,1,0
BRDA:38,16,2,0
BRDA:45,17,0,0
BRDA:45,17,1,0
BRDA:48,18,0,0
BRDA:48,18,1,0
BRDA:54,19,0,0
BRDA:54,19,1,0
BRDA:54,19,2,0
BRDA:55,20,0,0
BRDA:55,20,1,0
BRDA:55,20,2,0
BRDA:86,21,0,0
BRDA:101,22,0,0
BRDA:101,22,1,0
BRDA:101,22,2,0
BRDA:102,23,0,0
BRDA:102,23,1,0
BRDA:102,23,2,0
BRDA:103,24,0,0
BRDA:103,24,1,0
BRDA:103,24,2,0
BRDA:104,25,0,0
BRDA:104,25,1,0
BRDA:104,25,2,0
BRDA:105,26,0,0
BRDA:105,26,1,0
BRDA:105,26,2,0
BRDA:106,27,0,0
BRDA:106,27,1,0
BRDA:106,27,2,0
BRDA:107,28,0,0
BRDA:107,28,1,0
BRDA:107,28,2,0
BRDA:115,29,0,0
BRDA:115,29,1,0
BRDA:119,30,0,0
BRDA:119,30,1,0
BRDA:119,31,0,0
BRDA:119,31,1,0
BRDA:122,32,0,0
BRDA:122,32,1,0
BRDA:122,32,2,0
BRDA:153,33,0,0
BRDA:153,33,1,0
BRDA:162,34,0,0
BRDA:162,34,1,0
BRDA:171,35,0,0
BRDA:171,35,1,0
BRDA:172,36,0,0
BRDA:172,36,1,0
BRDA:173,37,0,0
BRDA:173,37,1,0
BRDA:174,38,0,0
BRDA:174,38,1,0
BRDA:175,39,0,0
BRDA:175,39,1,0
BRDA:176,40,0,0
BRDA:176,40,1,0
BRDA:177,41,0,0
BRDA:177,41,1,0
BRDA:178,42,0,0
BRDA:178,42,1,0
BRDA:179,43,0,0
BRDA:179,43,1,0
BRDA:180,44,0,0
BRDA:180,44,1,0
BRDA:181,45,0,0
BRDA:181,45,1,0
BRDA:182,46,0,0
BRDA:182,46,1,0
BRDA:183,47,0,0
BRDA:183,47,1,0
BRDA:184,48,0,0
BRDA:184,48,1,0
BRDA:185,49,0,0
BRDA:185,49,1,0
BRDA:186,50,0,0
BRDA:186,50,1,0
BRDA:187,51,0,0
BRDA:187,51,1,0
BRDA:188,52,0,0
BRDA:188,52,1,0
BRDA:189,53,0,0
BRDA:189,53,1,0
BRDA:190,54,0,0
BRDA:190,54,1,0
BRDA:191,55,0,0
BRDA:191,55,1,0
BRDA:192,56,0,0
BRDA:192,56,1,0
BRDA:193,57,0,0
BRDA:193,57,1,0
BRDA:194,58,0,0
BRDA:194,58,1,0
BRDA:195,59,0,0
BRDA:195,59,1,0
BRF:140
BRH:0
end_of_record
TN:
SF:controllers\visaController.js
FN:10,(anonymous_0)
FN:89,(anonymous_1)
FN:110,(anonymous_2)
FN:140,(anonymous_3)
FNF:4
FNH:0
FNDA:0,(anonymous_0)
FNDA:0,(anonymous_1)
FNDA:0,(anonymous_2)
FNDA:0,(anonymous_3)
DA:10,0
DA:11,0
DA:12,0
DA:13,0
DA:16,0
DA:17,0
DA:23,0
DA:24,0
DA:31,0
DA:42,0
DA:43,0
DA:46,0
DA:49,0
DA:50,0
DA:53,0
DA:54,0
DA:56,0
DA:57,0
DA:58,0
DA:60,0
DA:61,0
DA:62,0
DA:65,0
DA:66,0
DA:71,0
DA:79,0
DA:80,0
DA:89,0
DA:90,0
DA:91,0
DA:92,0
DA:95,0
DA:96,0
DA:103,0
DA:109,0
DA:110,0
DA:111,0
DA:114,0
DA:120,0
DA:123,0
DA:124,0
DA:131,0
DA:140,0
DA:141,0
DA:142,0
DA:143,0
DA:146,0
DA:148,0
DA:149,0
DA:155,0
DA:158,0
DA:159,0
DA:165,0
DA:170,0
DA:171,0
LF:55
LH:0
BRDA:16,0,0,0
BRDA:16,0,1,0
BRDA:16,1,0,0
BRDA:16,1,1,0
BRDA:16,1,2,0
BRDA:23,2,0,0
BRDA:23,2,1,0
BRDA:60,3,0,0
BRDA:60,3,1,0
BRDA:95,4,0,0
BRDA:95,4,1,0
BRDA:95,5,0,0
BRDA:95,5,1,0
BRDA:123,6,0,0
BRDA:123,6,1,0
BRDA:123,7,0,0
BRDA:123,7,1,0
BRDA:148,8,0,0
BRDA:148,8,1,0
BRDA:158,9,0,0
BRDA:158,9,1,0
BRDA:158,10,0,0
BRDA:158,10,1,0
BRF:23
BRH:0
end_of_record
TN:
SF:middleware\adminAuth.js
FN:8,(anonymous_0)
FN:73,(anonymous_1)
FN:108,(anonymous_2)
FNF:3
FNH:0
FNDA:0,(anonymous_0)
FNDA:0,(anonymous_1)
FNDA:0,(anonymous_2)
DA:8,0
DA:9,0
DA:11,0
DA:13,0
DA:14,0
DA:21,0
DA:23,0
DA:24,0
DA:32,0
DA:33,0
DA:35,0
DA:36,0
DA:43,0
DA:44,0
DA:45,0
DA:52,0
DA:59,0
DA:60,0
DA:62,0
DA:63,0
DA:73,0
DA:74,0
DA:75,0
DA:77,0
DA:78,0
DA:84,0
DA:86,0
DA:88,0
DA:95,0
DA:97,0
DA:98,0
DA:108,0
DA:109,0
DA:110,0
DA:112,0
DA:113,0
DA:114,0
DA:116,0
DA:124,0
DA:127,0
LF:40
LH:0
BRDA:13,0,0,0
BRDA:13,0,1,0
BRDA:13,1,0,0
BRDA:13,1,1,0
BRDA:23,2,0,0
BRDA:23,2,1,0
BRDA:43,3,0,0
BRDA:43,3,1,0
BRDA:77,4,0,0
BRDA:77,4,1,0
BRDA:77,5,0,0
BRDA:77,5,1,0
BRDA:112,6,0,0
BRDA:112,6,1,0
BRDA:112,7,0,0
BRDA:112,7,1,0
BRF:16
BRH:0
end_of_record
TN:
SF:middleware\authMiddleware.js
FN:8,(anonymous_0)
FN:76,(anonymous_1)
FN:115,(anonymous_2)
FN:116,(anonymous_3)
FN:142,(anonymous_4)
FN:171,(anonymous_5)
FN:172,(anonymous_6)
FN:210,(anonymous_7)
FNF:8
FNH:8
FNDA:7,(anonymous_0)
FNDA:1,(anonymous_1)
FNDA:2,(anonymous_2)
FNDA:2,(anonymous_3)
FNDA:3,(anonymous_4)
FNDA:5,(anonymous_5)
FNDA:5,(anonymous_6)
FNDA:5,(anonymous_7)
DA:8,2
DA:9,7
DA:11,7
DA:13,7
DA:14,7
DA:20,0
DA:22,0
DA:23,0
DA:30,0
DA:33,0
DA:34,0
DA:37,0
DA:46,0
DA:48,0
DA:50,0
DA:51,0
DA:57,0
DA:58,0
DA:64,0
DA:76,2
DA:77,1
DA:78,1
DA:80,1
DA:81,0
DA:83,0
DA:86,0
DA:87,0
DA:90,0
DA:100,0
DA:104,1
DA:115,2
DA:116,2
DA:117,2
DA:118,0
DA:125,2
DA:126,1
DA:133,1
DA:142,2
DA:143,3
DA:144,1
DA:152,2
DA:153,1
DA:160,1
DA:171,2
DA:172,5
DA:173,5
DA:174,0
DA:182,5
DA:184,5
DA:185,1
DA:193,4
DA:194,1
DA:201,3
DA:210,2
DA:211,5
DA:213,5
DA:214,1
DA:222,4
DA:224,4
DA:225,1
DA:226,1
DA:233,3
DA:234,1
DA:241,2
DA:242,2
LF:65
LH:43
BRDA:13,0,0,7
BRDA:13,0,1,0
BRDA:13,1,0,7
BRDA:13,1,1,1
BRDA:22,2,0,0
BRDA:22,2,1,0
BRDA:34,3,0,0
BRDA:34,3,1,0
BRDA:39,4,0,0
BRDA:39,4,1,0
BRDA:40,5,0,0
BRDA:40,5,1,0
BRDA:41,6,0,0
BRDA:41,6,1,0
BRDA:42,7,0,0
BRDA:42,7,1,0
BRDA:43,8,0,0
BRDA:43,8,1,0
BRDA:50,9,0,0
BRDA:50,9,1,0
BRDA:57,10,0,0
BRDA:57,10,1,0
BRDA:78,11,0,0
BRDA:78,11,1,1
BRDA:78,12,0,1
BRDA:78,12,1,0
BRDA:80,13,0,0
BRDA:80,13,1,1
BRDA:87,14,0,0
BRDA:87,14,1,0
BRDA:92,15,0,0
BRDA:92,15,1,0
BRDA:93,16,0,0
BRDA:93,16,1,0
BRDA:94,17,0,0
BRDA:94,17,1,0
BRDA:95,18,0,0
BRDA:95,18,1,0
BRDA:96,19,0,0
BRDA:96,19,1,0
BRDA:117,20,0,0
BRDA:117,20,1,2
BRDA:125,21,0,1
BRDA:125,21,1,1
BRDA:143,22,0,1
BRDA:143,22,1,2
BRDA:152,23,0,1
BRDA:152,23,1,1
BRDA:152,24,0,2
BRDA:152,24,1,1
BRDA:171,25,0,0
BRDA:173,26,0,0
BRDA:173,26,1,5
BRDA:182,27,0,5
BRDA:182,27,1,4
BRDA:182,27,2,1
BRDA:184,28,0,1
BRDA:184,28,1,4
BRDA:193,29,0,1
BRDA:193,29,1,3
BRDA:193,30,0,4
BRDA:193,30,1,2
BRDA:193,30,2,1
BRDA:211,31,0,5
BRDA:211,31,1,2
BRDA:213,32,0,1
BRDA:213,32,1,4
BRDA:222,33,0,3
BRDA:222,33,1,1
BRDA:224,34,0,1
BRDA:224,34,1,3
BRDA:233,35,0,1
BRDA:233,35,1,2
BRF:73
BRH:36
end_of_record
TN:
SF:middleware\cache.js
FN:8,(anonymous_0)
FN:16,(anonymous_1)
FN:25,(anonymous_2)
FN:40,(anonymous_3)
FN:46,(anonymous_4)
FN:54,(anonymous_5)
FN:62,(anonymous_6)
FN:70,(anonymous_7)
FN:83,(anonymous_8)
FN:97,(anonymous_9)
FN:104,(anonymous_10)
FN:127,(anonymous_11)
FN:151,(anonymous_12)
FN:159,(anonymous_13)
FN:172,(anonymous_14)
FN:176,(anonymous_15)
FN:180,(anonymous_16)
FN:188,(anonymous_17)
FN:189,(anonymous_18)
FN:209,(anonymous_19)
FN:210,(anonymous_20)
FN:213,(anonymous_21)
FNF:22
FNH:11
FNDA:1,(anonymous_0)
FNDA:2,(anonymous_1)
FNDA:2,(anonymous_2)
FNDA:1,(anonymous_3)
FNDA:0,(anonymous_4)
FNDA:0,(anonymous_5)
FNDA:0,(anonymous_6)
FNDA:0,(anonymous_7)
FNDA:0,(anonymous_8)
FNDA:3,(anonymous_9)
FNDA:2,(anonymous_10)
FNDA:1,(anonymous_11)
FNDA:1,(anonymous_12)
FNDA:1,(anonymous_13)
FNDA:0,(anonymous_14)
FNDA:0,(anonymous_15)
FNDA:0,(anonymous_16)
FNDA:2,(anonymous_17)
FNDA:1,(anonymous_18)
FNDA:0,(anonymous_19)
FNDA:0,(anonymous_20)
FNDA:0,(anonymous_21)
DA:9,1
DA:10,1
DA:17,2
DA:18,2
DA:19,2
DA:26,2
DA:29,2
DA:30,0
DA:31,0
DA:34,2
DA:42,1
DA:43,1
DA:46,1
DA:47,0
DA:55,0
DA:56,0
DA:63,0
DA:64,0
DA:71,0
DA:73,0
DA:74,0
DA:75,0
DA:84,0
DA:92,1
DA:97,1
DA:102,3
DA:104,3
DA:106,2
DA:107,0
DA:111,2
DA:114,2
DA:116,2
DA:117,0
DA:118,0
DA:121,2
DA:124,2
DA:127,2
DA:129,1
DA:139,1
DA:142,2
DA:149,1
DA:151,1
DA:157,1
DA:159,1
DA:165,1
DA:172,1
DA:173,0
DA:176,1
DA:177,0
DA:180,1
DA:181,0
DA:188,1
DA:189,2
DA:191,1
DA:192,0
DA:193,0
DA:197,1
DA:198,1
DA:199,1
DA:202,1
DA:209,1
DA:210,0
DA:211,0
DA:213,0
DA:215,0
DA:217,0
DA:220,0
DA:221,0
DA:222,0
DA:225,0
DA:228,0
LF:71
LH:41
BRDA:18,0,0,1
BRDA:18,0,1,1
BRDA:29,1,0,0
BRDA:29,1,1,2
BRDA:29,2,0,2
BRDA:29,2,1,0
BRDA:34,3,0,2
BRDA:34,3,1,2
BRDA:40,4,0,0
BRDA:74,5,0,0
BRDA:74,5,1,0
BRDA:97,6,0,0
BRDA:99,7,0,0
BRDA:100,8,0,3
BRDA:101,9,0,1
BRDA:106,10,0,0
BRDA:106,10,1,2
BRDA:106,11,0,2
BRDA:106,11,1,2
BRDA:111,12,0,0
BRDA:111,12,1,2
BRDA:116,13,0,0
BRDA:116,13,1,2
BRDA:188,14,0,0
BRDA:191,15,0,0
BRDA:191,15,1,1
BRDA:197,16,0,1
BRDA:197,16,1,0
BRDA:221,17,0,0
BRDA:221,17,1,0
BRF:30
BRH:15
end_of_record
TN:
SF:middleware\errorHandler.js
FN:1,(anonymous_0)
FNF:1
FNH:0
FNDA:0,(anonymous_0)
DA:1,0
DA:2,0
DA:4,0
LF:3
LH:0
BRDA:4,0,0,0
BRDA:4,0,1,0
BRDA:6,1,0,0
BRDA:6,1,1,0
BRDA:7,2,0,0
BRDA:7,2,1,0
BRF:6
BRH:0
end_of_record
TN:
SF:middleware\idempotency.js
FN:10,(anonymous_0)
FN:28,(anonymous_1)
FN:58,(anonymous_2)
FN:76,(anonymous_3)
FN:83,(anonymous_4)
FN:94,(anonymous_5)
FNF:6
FNH:5
FNDA:0,(anonymous_0)
FNDA:20,(anonymous_1)
FNDA:8,(anonymous_2)
FNDA:6,(anonymous_3)
FNDA:34,(anonymous_4)
FNDA:5,(anonymous_5)
DA:7,2
DA:10,2
DA:11,0
DA:12,0
DA:14,0
DA:15,0
DA:16,0
DA:28,2
DA:29,20
DA:33,20
DA:34,1
DA:38,19
DA:39,2
DA:47,17
DA:49,17
DA:51,3
DA:52,3
DA:56,14
DA:58,14
DA:60,8
DA:67,8
DA:70,14
DA:76,2
DA:77,6
DA:83,2
DA:84,34
DA:85,1
DA:87,33
DA:88,33
DA:94,2
DA:95,5
LF:31
LH:26
BRDA:15,0,0,0
BRDA:15,0,1,0
BRDA:33,1,0,1
BRDA:33,1,1,19
BRDA:38,2,0,2
BRDA:38,2,1,17
BRDA:38,3,0,19
BRDA:38,3,1,19
BRDA:49,4,0,3
BRDA:49,4,1,14
BRDA:61,5,0,8
BRDA:61,5,1,0
BRDA:84,6,0,1
BRDA:84,6,1,33
BRF:14
BRH:11
end_of_record
TN:
SF:middleware\rateLimiter.js
FN:14,(anonymous_0)
FNF:1
FNH:0
FNDA:0,(anonymous_0)
DA:5,2
DA:16,0
DA:21,2
DA:33,2
DA:45,2
DA:57,2
DA:70,2
DA:82,2
DA:95,2
DA:107,2
DA:119,2
DA:132,2
LF:12
LH:11
BRF:0
BRH:0
end_of_record
TN:
SF:middleware\validation.js
FN:243,(anonymous_0)
FN:244,(anonymous_1)
FN:252,(anonymous_2)
FN:272,(anonymous_3)
FN:273,(anonymous_4)
FN:281,(anonymous_5)
FN:301,(anonymous_6)
FN:303,(anonymous_7)
FNF:8
FNH:7
FNDA:1,(anonymous_0)
FNDA:1,(anonymous_1)
FNDA:0,(anonymous_2)
FNDA:1,(anonymous_3)
FNDA:2,(anonymous_4)
FNDA:1,(anonymous_5)
FNDA:1,(anonymous_6)
FNDA:6,(anonymous_7)
DA:9,1
DA:85,1
DA:99,1
DA:156,1
DA:243,1
DA:244,1
DA:245,1
DA:251,1
DA:252,0
DA:257,0
DA:264,1
DA:265,1
DA:272,1
DA:273,1
DA:274,2
DA:280,2
DA:281,1
DA:286,1
DA:293,1
DA:294,1
DA:301,1
DA:303,1
DA:304,6
DA:306,4
DA:310,2
DA:311,0
DA:312,2
DA:313,1
DA:314,1
DA:315,5
DA:317,1
DA:319,1
DA:322,1
DA:323,1
DA:326,1
LF:35
LH:32
BRDA:251,0,0,0
BRDA:251,0,1,1
BRDA:280,1,0,1
BRDA:280,1,1,1
BRDA:304,2,0,4
BRDA:304,2,1,2
BRDA:310,3,0,0
BRDA:310,3,1,2
BRDA:312,4,0,1
BRDA:312,4,1,1
BRDA:312,5,0,2
BRDA:312,5,1,2
BRDA:322,6,0,1
BRDA:322,6,1,0
BRDA:322,7,0,1
BRDA:322,7,1,1
BRF:16
BRH:13
end_of_record
TN:
SF:routes\adminRoutes.js
FNF:0
FNH:0
DA:7,0
DA:10,0
DA:11,0
DA:14,0
DA:15,0
DA:16,0
DA:17,0
DA:18,0
DA:19,0
DA:22,0
DA:23,0
DA:24,0
DA:25,0
DA:26,0
DA:29,0
DA:30,0
DA:31,0
DA:32,0
DA:35,0
DA:36,0
DA:37,0
DA:38,0
DA:39,0
DA:40,0
DA:43,0
DA:44,0
DA:45,0
DA:46,0
DA:47,0
DA:48,0
DA:51,0
DA:52,0
DA:53,0
DA:54,0
DA:55,0
DA:56,0
DA:59,0
DA:60,0
DA:61,0
DA:62,0
DA:63,0
DA:64,0
DA:65,0
DA:66,0
DA:69,0
DA:70,0
DA:71,0
DA:72,0
DA:73,0
DA:76,0
DA:77,0
DA:78,0
DA:79,0
DA:80,0
DA:83,0
DA:84,0
DA:85,0
DA:86,0
DA:87,0
DA:90,0
DA:91,0
DA:92,0
DA:93,0
DA:94,0
DA:97,0
DA:98,0
DA:99,0
DA:100,0
LF:68
LH:0
BRF:0
BRH:0
end_of_record
TN:
SF:routes\applicationRoutes.js
FNF:0
FNH:0
DA:12,0
DA:15,0
DA:16,0
DA:17,0
DA:18,0
LF:5
LH:0
BRF:0
BRH:0
end_of_record
TN:
SF:routes\authRoutes.js
FNF:0
FNH:0
DA:12,0
DA:15,0
DA:24,0
DA:103,0
DA:165,0
DA:221,0
LF:6
LH:0
BRF:0
BRH:0
end_of_record
TN:
SF:routes\bookingRoutes.js
FNF:0
FNH:0
DA:7,0
DA:10,0
DA:11,0
DA:18,0
DA:25,0
DA:32,0
LF:6
LH:0
BRF:0
BRH:0
end_of_record
TN:
SF:routes\flightRoutes.js
FNF:0
FNH:0
DA:11,1
DA:69,1
DA:135,1
DA:185,1
LF:4
LH:4
BRF:0
BRH:0
end_of_record
TN:
SF:routes\holidayRoutes.js
FNF:0
FNH:0
DA:7,0
DA:10,0
DA:11,0
DA:18,0
DA:25,0
DA:32,0
LF:6
LH:0
BRF:0
BRH:0
end_of_record
TN:
SF:routes\hotelRoutes.js
FNF:0
FNH:0
DA:7,0
DA:10,0
DA:11,0
DA:18,0
DA:25,0
DA:32,0
LF:6
LH:0
BRF:0
BRH:0
end_of_record
TN:
SF:routes\notificationRoutes.js
FNF:0
FNH:0
DA:14,0
DA:17,0
DA:18,0
DA:25,0
DA:32,0
DA:39,0
DA:46,0
DA:53,0
LF:8
LH:0
BRF:0
BRH:0
end_of_record
TN:
SF:routes\paymentRoutes.js
FN:28,(anonymous_0)
FNF:1
FNH:1
FNDA:1,(anonymous_0)
DA:13,1
DA:16,1
DA:19,1
DA:21,1
DA:23,1
DA:25,1
DA:28,1
DA:29,1
DA:31,0
LF:9
LH:8
BRF:0
BRH:0
end_of_record
TN:
SF:routes\priceAlertRoutes.js
FNF:0
FNH:0
DA:14,0
DA:17,0
DA:65,0
DA:88,0
DA:110,0
DA:138,0
DA:160,0
DA:182,0
LF:8
LH:0
BRF:0
BRH:0
end_of_record
TN:
SF:routes\universityRoutes.js
FNF:0
FNH:0
DA:10,0
DA:13,0
DA:16,0
DA:17,0
DA:18,0
LF:5
LH:0
BRF:0
BRH:0
end_of_record
TN:
SF:routes\visaRoutes.js
FNF:0
FNH:0
DA:7,0
DA:10,0
DA:11,0
DA:18,0
DA:25,0
DA:32,0
LF:6
LH:0
BRF:0
BRH:0
end_of_record
TN:
SF:services\amadeusService.js
FN:4,(anonymous_0)
FN:26,(anonymous_1)
FN:79,(anonymous_2)
FN:114,(anonymous_3)
FN:122,(anonymous_4)
FN:127,(anonymous_5)
FN:159,(anonymous_6)
FN:177,(anonymous_7)
FN:179,(anonymous_8)
FN:184,(anonymous_9)
FN:235,(anonymous_10)
FN:248,(anonymous_11)
FNF:12
FNH:2
FNDA:1,(anonymous_0)
FNDA:0,(anonymous_1)
FNDA:1,(anonymous_2)
FNDA:0,(anonymous_3)
FNDA:0,(anonymous_4)
FNDA:0,(anonymous_5)
FNDA:0,(anonymous_6)
FNDA:0,(anonymous_7)
FNDA:0,(anonymous_8)
FNDA:0,(anonymous_9)
FNDA:0,(anonymous_10)
FNDA:0,(anonymous_11)
DA:5,1
DA:6,1
DA:9,1
DA:10,0
DA:14,1
DA:26,0
DA:27,0
DA:28,0
DA:29,0
DA:32,0
DA:34,0
DA:68,0
DA:70,1
DA:71,1
DA:80,1
DA:81,1
DA:82,1
DA:86,1
DA:90,1
DA:91,1
DA:93,1
DA:98,1
DA:99,1
DA:101,0
DA:102,0
DA:103,0
DA:104,0
DA:105,0
DA:115,0
DA:116,0
DA:117,0
DA:118,0
DA:119,0
DA:123,0
DA:124,0
DA:127,0
DA:137,0
DA:138,0
DA:140,0
DA:141,0
DA:148,0
DA:159,0
DA:166,0
DA:172,0
DA:177,0
DA:179,0
DA:180,0
DA:181,0
DA:184,0
DA:185,0
DA:188,0
DA:224,0
DA:226,0
DA:227,0
DA:236,0
DA:237,0
DA:239,0
DA:241,0
DA:245,0
DA:248,0
DA:249,0
DA:262,0
DA:264,0
DA:267,0
DA:268,0
DA:269,0
DA:273,0
DA:274,0
DA:277,0
LF:69
LH:15
BRDA:9,0,0,0
BRDA:9,0,1,1
BRDA:9,1,0,1
BRDA:9,1,1,0
BRDA:18,2,0,1
BRDA:18,2,1,1
BRDA:19,3,0,1
BRDA:19,3,1,0
BRDA:20,4,0,1
BRDA:20,4,1,0
BRDA:21,5,0,1
BRDA:21,5,1,1
BRDA:61,6,0,0
BRDA:61,6,1,0
BRDA:64,7,0,0
BRDA:64,7,1,0
BRDA:73,8,0,1
BRDA:73,8,1,0
BRDA:73,8,2,0
BRDA:84,9,0,1
BRDA:84,9,1,0
BRDA:88,10,0,1
BRDA:88,10,1,0
BRDA:107,11,0,0
BRDA:107,11,1,0
BRDA:107,11,2,0
BRDA:115,12,0,0
BRDA:115,12,1,0
BRDA:117,13,0,0
BRDA:117,13,1,0
BRDA:118,14,0,0
BRDA:118,14,1,0
BRDA:128,15,0,0
BRDA:128,15,1,0
BRDA:138,16,0,0
BRDA:138,16,1,0
BRDA:157,17,0,0
BRDA:157,17,1,0
BRDA:215,18,0,0
BRDA:215,18,1,0
BRDA:218,19,0,0
BRDA:218,19,1,0
BRDA:229,20,0,0
BRDA:229,20,1,0
BRDA:229,20,2,0
BRDA:254,21,0,0
BRDA:254,21,1,0
BRDA:255,22,0,0
BRDA:255,22,1,0
BRDA:268,23,0,0
BRDA:268,23,1,0
BRDA:268,24,0,0
BRDA:268,24,1,0
BRDA:270,25,0,0
BRDA:270,25,1,0
BRDA:270,25,2,0
BRDA:273,26,0,0
BRDA:273,26,1,0
BRF:58
BRH:11
end_of_record
TN:
SF:services\applicationPdfService.js
FN:9,generateApplicationQRCode
FN:38,generateApplicationFormPDF
FN:39,(anonymous_2)
FN:54,(anonymous_3)
FN:193,(anonymous_4)
FN:295,generateApplicationPaymentReceiptPDF
FN:296,(anonymous_6)
FN:311,(anonymous_7)
FN:475,generateApplicationConfirmationPDF
FNF:9
FNH:0
FNDA:0,generateApplicationQRCode
FNDA:0,generateApplicationFormPDF
FNDA:0,(anonymous_2)
FNDA:0,(anonymous_3)
FNDA:0,(anonymous_4)
FNDA:0,generateApplicationPaymentReceiptPDF
FNDA:0,(anonymous_6)
FNDA:0,(anonymous_7)
FNDA:0,generateApplicationConfirmationPDF
DA:10,0
DA:11,0
DA:20,0
DA:26,0
DA:28,0
DA:29,0
DA:39,0
DA:40,0
DA:41,0
DA:51,0
DA:53,0
DA:54,0
DA:55,0
DA:56,0
DA:59,0
DA:62,0
DA:65,0
DA:70,0
DA:71,0
DA:77,0
DA:78,0
DA:82,0
DA:87,0
DA:88,0
DA:93,0
DA:94,0
DA:98,0
DA:101,0
DA:102,0
DA:104,0
DA:107,0
DA:109,0
DA:113,0
DA:114,0
DA:119,0
DA:120,0
DA:124,0
DA:127,0
DA:129,0
DA:132,0
DA:134,0
DA:137,0
DA:139,0
DA:142,0
DA:144,0
DA:147,0
DA:149,0
DA:153,0
DA:154,0
DA:159,0
DA:160,0
DA:164,0
DA:167,0
DA:169,0
DA:172,0
DA:174,0
DA:177,0
DA:179,0
DA:183,0
DA:184,0
DA:189,0
DA:190,0
DA:192,0
DA:193,0
DA:194,0
DA:197,0
DA:201,0
DA:202,0
DA:203,0
DA:208,0
DA:209,0
DA:218,0
DA:219,0
DA:224,0
DA:225,0
DA:229,0
DA:231,0
DA:236,0
DA:237,0
DA:242,0
DA:243,0
DA:247,0
DA:249,0
DA:254,0
DA:256,0
DA:257,0
DA:259,0
DA:265,0
DA:266,0
DA:273,0
DA:277,0
DA:281,0
DA:284,0
DA:285,0
DA:296,0
DA:297,0
DA:298,0
DA:308,0
DA:310,0
DA:311,0
DA:312,0
DA:313,0
DA:316,0
DA:319,0
DA:324,0
DA:325,0
DA:331,0
DA:332,0
DA:336,0
DA:341,0
DA:342,0
DA:347,0
DA:348,0
DA:352,0
DA:355,0
DA:357,0
DA:361,0
DA:362,0
DA:367,0
DA:368,0
DA:372,0
DA:375,0
DA:377,0
DA:380,0
DA:382,0
DA:386,0
DA:387,0
DA:392,0
DA:393,0
DA:397,0
DA:398,0
DA:399,0
DA:400,0
DA:403,0
DA:409,0
DA:414,0
DA:420,0
DA:424,0
DA:429,0
DA:430,0
DA:432,0
DA:435,0
DA:437,0
DA:440,0
DA:445,0
DA:446,0
DA:453,0
DA:457,0
DA:461,0
DA:464,0
DA:465,0
DA:477,0
LF:152
LH:0
BRDA:105,0,0,0
BRDA:105,0,1,0
BRDA:110,1,0,0
BRDA:110,1,1,0
BRDA:165,2,0,0
BRDA:165,2,1,0
BRDA:170,3,0,0
BRDA:170,3,1,0
BRDA:175,4,0,0
BRDA:175,4,1,0
BRDA:180,5,0,0
BRDA:180,5,1,0
BRDA:192,6,0,0
BRDA:192,6,1,0
BRDA:192,7,0,0
BRDA:192,7,1,0
BRDA:201,8,0,0
BRDA:201,8,1,0
BRDA:212,9,0,0
BRDA:212,9,1,0
BRDA:229,10,0,0
BRDA:229,10,1,0
BRDA:247,11,0,0
BRDA:247,11,1,0
BRDA:254,12,0,0
BRDA:254,12,1,0
BRDA:417,13,0,0
BRDA:417,13,1,0
BRDA:426,14,0,0
BRDA:426,14,1,0
BRF:30
BRH:0
end_of_record
TN:
SF:services\emailService.js
FN:33,(anonymous_0)
FN:128,(anonymous_1)
FN:244,(anonymous_2)
FN:279,(anonymous_3)
FNF:4
FNH:0
FNDA:0,(anonymous_0)
FNDA:0,(anonymous_1)
FNDA:0,(anonymous_2)
FNDA:0,(anonymous_3)
DA:7,0
DA:8,0
DA:10,0
DA:12,0
DA:13,0
DA:15,0
DA:16,0
DA:17,0
DA:18,0
DA:20,0
DA:23,0
DA:24,0
DA:33,0
DA:34,0
DA:35,0
DA:36,0
DA:39,0
DA:42,0
DA:43,0
DA:45,0
DA:46,0
DA:49,0
DA:51,0
DA:52,0
DA:53,0
DA:67,0
DA:70,0
DA:71,0
DA:72,0
DA:82,0
DA:85,0
DA:86,0
DA:87,0
DA:98,0
DA:101,0
DA:104,0
DA:112,0
DA:113,0
DA:115,0
DA:117,0
DA:118,0
DA:128,0
DA:129,0
DA:130,0
DA:131,0
DA:134,0
DA:137,0
DA:138,0
DA:140,0
DA:141,0
DA:144,0
DA:146,0
DA:147,0
DA:148,0
DA:160,0
DA:163,0
DA:164,0
DA:165,0
DA:177,0
DA:180,0
DA:181,0
DA:182,0
DA:195,0
DA:198,0
DA:199,0
DA:200,0
DA:212,0
DA:215,0
DA:218,0
DA:226,0
DA:227,0
DA:229,0
DA:231,0
DA:232,0
DA:244,0
DA:245,0
DA:246,0
DA:247,0
DA:250,0
DA:251,0
DA:253,0
DA:261,0
DA:262,0
DA:264,0
DA:266,0
DA:267,0
DA:279,0
DA:280,0
DA:281,0
DA:282,0
DA:285,0
DA:286,0
DA:288,0
DA:290,0
DA:319,0
DA:373,0
DA:395,0
DA:396,0
DA:398,0
DA:400,0
DA:401,0
LF:101
LH:0
BRDA:15,0,0,0
BRDA:15,0,1,0
BRDA:34,1,0,0
BRDA:34,1,1,0
BRDA:34,2,0,0
BRDA:34,2,1,0
BRDA:42,3,0,0
BRDA:42,3,1,0
BRDA:43,4,0,0
BRDA:43,4,1,0
BRDA:45,5,0,0
BRDA:45,5,1,0
BRDA:49,6,0,0
BRDA:49,6,1,0
BRDA:49,6,2,0
BRDA:49,6,3,0
BRDA:129,7,0,0
BRDA:129,7,1,0
BRDA:129,8,0,0
BRDA:129,8,1,0
BRDA:137,9,0,0
BRDA:137,9,1,0
BRDA:138,10,0,0
BRDA:138,10,1,0
BRDA:140,11,0,0
BRDA:140,11,1,0
BRDA:144,12,0,0
BRDA:144,12,1,0
BRDA:144,12,2,0
BRDA:144,12,3,0
BRDA:144,12,4,0
BRDA:245,13,0,0
BRDA:245,13,1,0
BRDA:245,14,0,0
BRDA:245,14,1,0
BRDA:251,15,0,0
BRDA:251,15,1,0
BRDA:258,16,0,0
BRDA:258,16,1,0
BRDA:280,17,0,0
BRDA:280,17,1,0
BRDA:280,18,0,0
BRDA:280,18,1,0
BRDA:286,19,0,0
BRDA:286,19,1,0
BRDA:298,20,0,0
BRDA:298,20,1,0
BRDA:299,21,0,0
BRDA:299,21,1,0
BRDA:301,22,0,0
BRDA:301,22,1,0
BRDA:338,23,0,0
BRDA:338,23,1,0
BRDA:339,24,0,0
BRDA:339,24,1,0
BRDA:341,25,0,0
BRDA:341,25,1,0
BRF:57
BRH:0
end_of_record
TN:
SF:services\gmailEmailService.js
FN:15,(anonymous_0)
FN:36,sendBookingEmail
FN:118,getConfirmedEmailHTML
FN:341,getCancelledEmailHTML
FN:372,getGenericEmailHTML
FN:398,testEmailService
FNF:6
FNH:0
FNDA:0,(anonymous_0)
FNDA:0,sendBookingEmail
FNDA:0,getConfirmedEmailHTML
FNDA:0,getCancelledEmailHTML
FNDA:0,getGenericEmailHTML
FNDA:0,testEmailService
DA:15,0
DA:16,0
DA:17,0
DA:19,0
DA:20,0
DA:21,0
DA:24,0
DA:37,0
DA:38,0
DA:40,0
DA:41,0
DA:42,0
DA:49,0
DA:50,0
DA:51,0
DA:52,0
DA:53,0
DA:55,0
DA:61,0
DA:63,0
DA:70,0
DA:71,0
DA:72,0
DA:73,0
DA:74,0
DA:75,0
DA:77,0
DA:78,0
DA:82,0
DA:91,0
DA:92,0
DA:94,0
DA:95,0
DA:97,0
DA:106,0
DA:107,0
DA:119,0
DA:120,0
DA:122,0
DA:342,0
DA:373,0
DA:399,0
DA:401,0
DA:402,0
DA:408,0
DA:409,0
DA:410,0
DA:415,0
LF:48
LH:0
BRDA:19,0,0,0
BRDA:19,0,1,0
BRDA:19,1,0,0
BRDA:19,1,1,0
BRDA:36,2,0,0
BRDA:40,3,0,0
BRDA:40,3,1,0
BRDA:70,4,0,0
BRDA:70,4,1,0
BRDA:73,5,0,0
BRDA:73,5,1,0
BRDA:87,6,0,0
BRDA:87,6,1,0
BRDA:109,7,0,0
BRDA:109,7,1,0
BRDA:278,8,0,0
BRDA:278,8,1,0
BRDA:280,9,0,0
BRDA:280,9,1,0
BRDA:280,10,0,0
BRDA:280,10,1,0
BRDA:401,11,0,0
BRDA:401,11,1,0
BRF:23
BRH:0
end_of_record
TN:
SF:services\paystackService.js
FN:13,(anonymous_0)
FN:52,(anonymous_1)
FN:76,(anonymous_2)
FN:94,(anonymous_3)
FN:113,(anonymous_4)
FN:130,(anonymous_5)
FN:139,(anonymous_6)
FN:149,(anonymous_7)
FNF:8
FNH:0
FNDA:0,(anonymous_0)
FNDA:0,(anonymous_1)
FNDA:0,(anonymous_2)
FNDA:0,(anonymous_3)
FNDA:0,(anonymous_4)
FNDA:0,(anonymous_5)
FNDA:0,(anonymous_6)
FNDA:0,(anonymous_7)
DA:15,0
DA:16,0
DA:17,0
DA:20,0
DA:22,0
DA:23,0
DA:25,0
DA:26,0
DA:35,0
DA:43,0
DA:44,0
DA:53,0
DA:54,0
DA:56,0
DA:67,0
DA:68,0
DA:77,0
DA:78,0
DA:80,0
DA:85,0
DA:86,0
DA:95,0
DA:96,0
DA:98,0
DA:104,0
DA:105,0
DA:114,0
DA:115,0
DA:117,0
DA:122,0
DA:123,0
DA:131,0
DA:142,0
DA:150,0
LF:34
LH:0
BRDA:15,0,0,0
BRDA:15,0,1,0
BRDA:17,1,0,0
BRDA:17,1,1,0
BRDA:22,2,0,0
BRDA:22,2,1,0
BRDA:30,3,0,0
BRDA:30,3,1,0
BRDA:43,4,0,0
BRDA:43,4,1,0
BRDA:44,5,0,0
BRDA:44,5,1,0
BRDA:67,6,0,0
BRDA:67,6,1,0
BRDA:68,7,0,0
BRDA:68,7,1,0
BRDA:85,8,0,0
BRDA:85,8,1,0
BRDA:86,9,0,0
BRDA:86,9,1,0
BRDA:94,10,0,0
BRDA:104,11,0,0
BRDA:104,11,1,0
BRDA:105,12,0,0
BRDA:105,12,1,0
BRDA:122,13,0,0
BRDA:122,13,1,0
BRDA:123,14,0,0
BRDA:123,14,1,0
BRDA:139,15,0,0
BRF:30
BRH:0
end_of_record
TN:
SF:services\pdfTicketService.js
FN:9,generateQRCode
FN:36,getAirportName
FN:60,getAirlineName
FN:81,getAirlineColors
FN:102,formatDateTime
FN:123,formatDuration
FN:133,drawBoardingPass
FN:413,generateFlightTicketPDF
FN:414,(anonymous_8)
FN:425,(anonymous_9)
FN:507,getTicketFilename
FNF:11
FNH:0
FNDA:0,generateQRCode
FNDA:0,getAirportName
FNDA:0,getAirlineName
FNDA:0,getAirlineColors
FNDA:0,formatDateTime
FNDA:0,formatDuration
FNDA:0,drawBoardingPass
FNDA:0,generateFlightTicketPDF
FNDA:0,(anonymous_8)
FNDA:0,(anonymous_9)
FNDA:0,getTicketFilename
DA:10,0
DA:11,0
DA:20,0
DA:26,0
DA:28,0
DA:29,0
DA:37,0
DA:54,0
DA:61,0
DA:75,0
DA:82,0
DA:96,0
DA:103,0
DA:104,0
DA:105,0
DA:124,0
DA:125,0
DA:126,0
DA:127,0
DA:134,0
DA:135,0
DA:136,0
DA:137,0
DA:140,0
DA:141,0
DA:142,0
DA:145,0
DA:149,0
DA:152,0
DA:161,0
DA:169,0
DA:175,0
DA:176,0
DA:183,0
DA:184,0
DA:188,0
DA:194,0
DA:195,0
DA:199,0
DA:209,0
DA:210,0
DA:213,0
DA:217,0
DA:222,0
DA:230,0
DA:235,0
DA:239,0
DA:244,0
DA:252,0
DA:253,0
DA:256,0
DA:257,0
DA:261,0
DA:269,0
DA:273,0
DA:279,0
DA:280,0
DA:284,0
DA:290,0
DA:294,0
DA:300,0
DA:303,0
DA:307,0
DA:308,0
DA:314,0
DA:318,0
DA:324,0
DA:328,0
DA:335,0
DA:339,0
DA:345,0
DA:346,0
DA:347,0
DA:350,0
DA:351,0
DA:353,0
DA:358,0
DA:367,0
DA:368,0
DA:372,0
DA:379,0
DA:380,0
DA:390,0
DA:398,0
DA:399,0
DA:400,0
DA:401,0
DA:402,0
DA:403,0
DA:404,0
DA:414,0
DA:415,0
DA:417,0
DA:423,0
DA:424,0
DA:425,0
DA:426,0
DA:427,0
DA:430,0
DA:433,0
DA:446,0
DA:457,0
DA:460,0
DA:463,0
DA:465,0
DA:467,0
DA:480,0
DA:491,0
DA:495,0
DA:498,0
DA:499,0
DA:508,0
LF:112
LH:0
BRDA:16,0,0,0
BRDA:16,0,1,0
BRDA:54,1,0,0
BRDA:54,1,1,0
BRDA:75,2,0,0
BRDA:75,2,1,0
BRDA:96,3,0,0
BRDA:96,3,1,0
BRDA:103,4,0,0
BRDA:103,4,1,0
BRDA:124,5,0,0
BRDA:124,5,1,0
BRDA:133,6,0,0
BRDA:140,7,0,0
BRDA:140,7,1,0
BRDA:141,8,0,0
BRDA:141,8,1,0
BRDA:172,9,0,0
BRDA:172,9,1,0
BRDA:175,10,0,0
BRDA:175,10,1,0
BRDA:203,11,0,0
BRDA:203,11,1,0
BRDA:203,12,0,0
BRDA:203,12,1,0
BRDA:307,13,0,0
BRDA:307,13,1,0
BRDA:311,14,0,0
BRDA:311,14,1,0
BRDA:321,15,0,0
BRDA:321,15,1,0
BRDA:331,16,0,0
BRDA:331,16,1,0
BRDA:331,17,0,0
BRDA:331,17,1,0
BRDA:345,18,0,0
BRDA:345,18,1,0
BRDA:375,19,0,0
BRDA:375,19,1,0
BRDA:375,20,0,0
BRDA:375,20,1,0
BRDA:403,21,0,0
BRDA:403,21,1,0
BRDA:434,22,0,0
BRDA:434,22,1,0
BRDA:435,23,0,0
BRDA:435,23,1,0
BRDA:436,24,0,0
BRDA:436,24,1,0
BRDA:440,25,0,0
BRDA:440,25,1,0
BRDA:441,26,0,0
BRDA:441,26,1,0
BRDA:442,27,0,0
BRDA:442,27,1,0
BRDA:460,28,0,0
BRDA:460,28,1,0
BRDA:463,29,0,0
BRDA:463,29,1,0
BRDA:468,30,0,0
BRDA:468,30,1,0
BRDA:469,31,0,0
BRDA:469,31,1,0
BRDA:470,32,0,0
BRDA:470,32,1,0
BRDA:474,33,0,0
BRDA:474,33,1,0
BRDA:475,34,0,0
BRDA:475,34,1,0
BRDA:476,35,0,0
BRDA:476,35,1,0
BRF:71
BRH:0
end_of_record
TN:
SF:services\priceMonitoringService.js
FN:7,(anonymous_0)
FN:29,(anonymous_1)
FN:42,(anonymous_2)
FN:50,(anonymous_3)
FN:61,(anonymous_4)
FN:115,(anonymous_5)
FN:118,(anonymous_6)
FN:140,(anonymous_7)
FN:164,(anonymous_8)
FN:210,(anonymous_9)
FN:290,(anonymous_10)
FN:291,(anonymous_11)
FNF:12
FNH:0
FNDA:0,(anonymous_0)
FNDA:0,(anonymous_1)
FNDA:0,(anonymous_2)
FNDA:0,(anonymous_3)
FNDA:0,(anonymous_4)
FNDA:0,(anonymous_5)
FNDA:0,(anonymous_6)
FNDA:0,(anonymous_7)
FNDA:0,(anonymous_8)
FNDA:0,(anonymous_9)
FNDA:0,(anonymous_10)
FNDA:0,(anonymous_11)
DA:8,0
DA:9,0
DA:10,0
DA:13,0
DA:14,0
DA:22,0
DA:30,0
DA:31,0
DA:32,0
DA:35,0
DA:36,0
DA:39,0
DA:42,0
DA:43,0
DA:51,0
DA:52,0
DA:53,0
DA:54,0
DA:62,0
DA:63,0
DA:64,0
DA:65,0
DA:68,0
DA:70,0
DA:75,0
DA:77,0
DA:78,0
DA:79,0
DA:82,0
DA:84,0
DA:87,0
DA:88,0
DA:95,0
DA:97,0
DA:100,0
DA:101,0
DA:103,0
DA:106,0
DA:108,0
DA:116,0
DA:118,0
DA:119,0
DA:121,0
DA:122,0
DA:124,0
DA:126,0
DA:128,0
DA:130,0
DA:132,0
DA:141,0
DA:142,0
DA:145,0
DA:156,0
DA:158,0
DA:159,0
DA:160,0
DA:164,0
DA:165,0
DA:168,0
DA:169,0
DA:172,0
DA:173,0
DA:179,0
DA:180,0
DA:184,0
DA:192,0
DA:193,0
DA:194,0
DA:197,0
DA:203,0
DA:211,0
DA:212,0
DA:273,0
DA:280,0
DA:281,0
DA:283,0
DA:291,0
LF:77
LH:0
BRDA:13,0,0,0
BRDA:13,0,1,0
BRDA:13,1,0,0
BRDA:13,1,1,0
BRDA:15,2,0,0
BRDA:15,2,1,0
BRDA:29,3,0,0
BRDA:30,4,0,0
BRDA:30,4,1,0
BRDA:51,5,0,0
BRDA:51,5,1,0
BRDA:63,6,0,0
BRDA:63,6,1,0
BRDA:75,7,0,0
BRDA:75,7,1,0
BRDA:77,8,0,0
BRDA:77,8,1,0
BRDA:77,9,0,0
BRDA:77,9,1,0
BRDA:119,10,0,0
BRDA:119,10,1,0
BRDA:124,11,0,0
BRDA:124,11,1,0
BRDA:124,11,2,0
BRDA:124,11,3,0
BRDA:149,12,0,0
BRDA:149,12,1,0
BRDA:150,13,0,0
BRDA:150,13,1,0
BRDA:151,14,0,0
BRDA:151,14,1,0
BRDA:152,15,0,0
BRDA:152,15,1,0
BRDA:153,16,0,0
BRDA:153,16,1,0
BRDA:158,17,0,0
BRDA:158,17,1,0
BRDA:158,18,0,0
BRDA:158,18,1,0
BRDA:165,19,0,0
BRDA:165,19,1,0
BRDA:172,20,0,0
BRDA:172,20,1,0
BRDA:179,21,0,0
BRDA:179,21,1,0
BRDA:192,22,0,0
BRDA:192,22,1,0
BRDA:246,23,0,0
BRDA:246,23,1,0
BRDA:258,24,0,0
BRDA:258,24,1,0
BRDA:264,25,0,0
BRDA:264,25,1,0
BRDA:264,26,0,0
BRDA:264,26,1,0
BRDA:264,27,0,0
BRDA:264,27,1,0
BRF:57
BRH:0
end_of_record
TN:
SF:services\resendEmailService.js
FN:31,(anonymous_0)
FN:251,(anonymous_1)
FN:372,(anonymous_2)
FNF:3
FNH:0
FNDA:0,(anonymous_0)
FNDA:0,(anonymous_1)
FNDA:0,(anonymous_2)
DA:6,0
DA:7,0
DA:9,0
DA:11,0
DA:13,0
DA:14,0
DA:15,0
DA:16,0
DA:18,0
DA:21,0
DA:22,0
DA:31,0
DA:32,0
DA:33,0
DA:34,0
DA:37,0
DA:39,0
DA:41,0
DA:42,0
DA:44,0
DA:45,0
DA:48,0
DA:50,0
DA:53,0
DA:59,0
DA:66,0
DA:67,0
DA:68,0
DA:76,0
DA:77,0
DA:78,0
DA:79,0
DA:80,0
DA:83,0
DA:170,0
DA:171,0
DA:172,0
DA:173,0
DA:175,0
DA:181,0
DA:183,0
DA:186,0
DA:189,0
DA:190,0
DA:203,0
DA:206,0
DA:207,0
DA:221,0
DA:224,0
DA:227,0
DA:235,0
DA:237,0
DA:238,0
DA:240,0
DA:241,0
DA:251,0
DA:252,0
DA:253,0
DA:254,0
DA:257,0
DA:260,0
DA:261,0
DA:263,0
DA:264,0
DA:267,0
DA:269,0
DA:270,0
DA:285,0
DA:288,0
DA:289,0
DA:305,0
DA:308,0
DA:309,0
DA:325,0
DA:328,0
DA:329,0
DA:344,0
DA:347,0
DA:350,0
DA:357,0
DA:358,0
DA:360,0
DA:361,0
DA:372,0
DA:373,0
DA:374,0
DA:375,0
DA:378,0
DA:379,0
DA:381,0
DA:388,0
DA:389,0
DA:391,0
DA:392,0
LF:94
LH:0
BRDA:13,0,0,0
BRDA:13,0,1,0
BRDA:32,1,0,0
BRDA:32,1,1,0
BRDA:32,2,0,0
BRDA:32,2,1,0
BRDA:41,3,0,0
BRDA:41,3,1,0
BRDA:42,4,0,0
BRDA:42,4,1,0
BRDA:44,5,0,0
BRDA:44,5,1,0
BRDA:48,6,0,0
BRDA:48,6,1,0
BRDA:48,6,2,0
BRDA:48,6,3,0
BRDA:53,7,0,0
BRDA:53,7,1,0
BRDA:59,8,0,0
BRDA:59,8,1,0
BRDA:67,9,0,0
BRDA:67,9,1,0
BRDA:67,10,0,0
BRDA:67,10,1,0
BRDA:77,11,0,0
BRDA:77,11,1,0
BRDA:94,12,0,0
BRDA:94,12,1,0
BRDA:109,13,0,0
BRDA:109,13,1,0
BRDA:110,14,0,0
BRDA:110,14,1,0
BRDA:110,15,0,0
BRDA:110,15,1,0
BRDA:114,16,0,0
BRDA:114,16,1,0
BRDA:114,17,0,0
BRDA:114,17,1,0
BRDA:115,18,0,0
BRDA:115,18,1,0
BRDA:122,19,0,0
BRDA:122,19,1,0
BRDA:122,20,0,0
BRDA:122,20,1,0
BRDA:123,21,0,0
BRDA:123,21,1,0
BRDA:124,22,0,0
BRDA:124,22,1,0
BRDA:130,23,0,0
BRDA:130,23,1,0
BRDA:130,24,0,0
BRDA:130,24,1,0
BRDA:132,25,0,0
BRDA:132,25,1,0
BRDA:133,26,0,0
BRDA:133,26,1,0
BRDA:232,27,0,0
BRDA:232,27,1,0
BRDA:252,28,0,0
BRDA:252,28,1,0
BRDA:252,29,0,0
BRDA:252,29,1,0
BRDA:260,30,0,0
BRDA:260,30,1,0
BRDA:261,31,0,0
BRDA:261,31,1,0
BRDA:263,32,0,0
BRDA:263,32,1,0
BRDA:267,33,0,0
BRDA:267,33,1,0
BRDA:267,33,2,0
BRDA:267,33,3,0
BRDA:267,33,4,0
BRDA:373,34,0,0
BRDA:373,34,1,0
BRDA:373,35,0,0
BRDA:373,35,1,0
BRDA:379,36,0,0
BRDA:379,36,1,0
BRF:79
BRH:0
end_of_record
